2009-09-24 12:08:00,395 [main] ERROR StackTrace  - Sanitizing stacktrace:
java.lang.ClassCastException: java.util.ArrayList
	at org.codehaus.groovy.grails.commons.GrailsDomainConfigurationUtil.getAssociationMap(GrailsDomainConfigurationUtil.java:190)
	at org.codehaus.groovy.grails.commons.DefaultGrailsDomainClass.establishDomainClassRelationship(DefaultGrailsDomainClass.java:466)
	at org.codehaus.groovy.grails.commons.DefaultGrailsDomainClass.establishRelationships(DefaultGrailsDomainClass.java:242)
	at org.codehaus.groovy.grails.commons.DefaultGrailsDomainClass.<init>(DefaultGrailsDomainClass.java:103)
	at org.codehaus.groovy.grails.commons.DomainClassArtefactHandler.newArtefactClass(DomainClassArtefactHandler.java:35)
	at org.codehaus.groovy.grails.commons.DefaultGrailsApplication.addArtefact(DefaultGrailsApplication.java:607)
	at org.codehaus.groovy.grails.commons.DefaultGrailsApplication.configureLoadedClasses(DefaultGrailsApplication.java:318)
	at org.codehaus.groovy.grails.commons.DefaultGrailsApplication.initialise(DefaultGrailsApplication.java:814)
	at org.codehaus.groovy.grails.plugins.GrailsPluginManagerFactoryBean.afterPropertiesSet(GrailsPluginManagerFactoryBean.java:112)
	at org.springframework.beans.factory.support.AbstractAutowireCapableBeanFactory.invokeInitMethods(AbstractAutowireCapableBeanFactory.java:1452)
	at org.springframework.beans.factory.support.AbstractAutowireCapableBeanFactory.initializeBean(AbstractAutowireCapableBeanFactory.java:1390)
	at org.springframework.beans.factory.support.AbstractAutowireCapableBeanFactory.doCreateBean(AbstractAutowireCapableBeanFactory.java:511)
	at org.springframework.beans.factory.support.AbstractAutowireCapableBeanFactory.createBean(AbstractAutowireCapableBeanFactory.java:449)
	at org.springframework.beans.factory.support.AbstractBeanFactory$1.getObject(AbstractBeanFactory.java:289)
	at org.springframework.beans.factory.support.DefaultSingletonBeanRegistry.getSingleton(DefaultSingletonBeanRegistry.java:222)
	at org.springframework.beans.factory.support.AbstractBeanFactory.doGetBean(AbstractBeanFactory.java:286)
	at org.springframework.beans.factory.support.AbstractBeanFactory.getBean(AbstractBeanFactory.java:188)
	at org.springframework.beans.factory.support.DefaultListableBeanFactory.preInstantiateSingletons(DefaultListableBeanFactory.java:510)
	at org.springframework.context.support.AbstractApplicationContext.finishBeanFactoryInitialization(AbstractApplicationContext.java:716)
	at org.springframework.context.support.AbstractApplicationContext.refresh(AbstractApplicationContext.java:383)
	at org.springframework.web.context.ContextLoader.createWebApplicationContext(ContextLoader.java:270)
	at org.codehaus.groovy.grails.web.context.GrailsContextLoader.createWebApplicationContext(GrailsContextLoader.java:65)
	at org.springframework.web.context.ContextLoader.initWebApplicationContext(ContextLoader.java:197)
	at org.springframework.web.context.ContextLoaderListener.contextInitialized(ContextLoaderListener.java:47)
	at org.apache.catalina.core.StandardContext.listenerStart(StandardContext.java:3961)
	at org.apache.catalina.core.StandardContext.start(StandardContext.java:4456)
	at org.apache.catalina.core.ContainerBase.start(ContainerBase.java:1045)
	at org.apache.catalina.core.StandardHost.start(StandardHost.java:722)
	at org.apache.catalina.core.ContainerBase.start(ContainerBase.java:1045)
	at org.apache.catalina.core.StandardEngine.start(StandardEngine.java:443)
	at org.apache.catalina.core.StandardService.start(StandardService.java:515)
	at org.apache.catalina.core.StandardServer.start(StandardServer.java:708)
	at org.apache.catalina.startup.Tomcat.start(Tomcat.java:252)
	at sun.reflect.NativeMethodAccessorImpl.invoke0(Native Method)
	at sun.reflect.NativeMethodAccessorImpl.invoke(NativeMethodAccessorImpl.java:39)
	at sun.reflect.DelegatingMethodAccessorImpl.invoke(DelegatingMethodAccessorImpl.java:25)
	at java.lang.reflect.Method.invoke(Method.java:592)
	at org.codehaus.groovy.runtime.callsite.PojoMetaMethodSite$PojoCachedMethodSiteNoUnwrapNoCoerce.invoke(PojoMetaMethodSite.java:229)
	at org.codehaus.groovy.runtime.callsite.PojoMetaMethodSite.call(PojoMetaMethodSite.java:52)
	at org.codehaus.groovy.runtime.callsite.CallSiteArray.defaultCall(CallSiteArray.java:40)
	at org.codehaus.groovy.runtime.callsite.AbstractCallSite.call(AbstractCallSite.java:117)
	at org.codehaus.groovy.runtime.callsite.AbstractCallSite.call(AbstractCallSite.java:121)
	at org.grails.tomcat.TomcatServer.start(TomcatServer.groovy:107)
	at grails.web.container.EmbeddableServer$start.call(Unknown Source)
	at org.codehaus.groovy.runtime.callsite.CallSiteArray.defaultCall(CallSiteArray.java:40)
	at grails.web.container.EmbeddableServer$start.call(Unknown Source)
	at _GrailsRun_groovy$_run_closure5_closure11.doCall(_GrailsRun_groovy:157)
	at sun.reflect.NativeMethodAccessorImpl.invoke0(Native Method)
	at sun.reflect.NativeMethodAccessorImpl.invoke(NativeMethodAccessorImpl.java:39)
	at sun.reflect.DelegatingMethodAccessorImpl.invoke(DelegatingMethodAccessorImpl.java:25)
	at java.lang.reflect.Method.invoke(Method.java:592)
	at org.codehaus.groovy.runtime.callsite.PogoMetaMethodSite$PogoCachedMethodSiteNoUnwrapNoCoerce.invoke(PogoMetaMethodSite.java:266)
	at org.codehaus.groovy.runtime.callsite.PogoMetaMethodSite.callCurrent(PogoMetaMethodSite.java:51)
	at org.codehaus.groovy.runtime.callsite.AbstractCallSite.callCurrent(AbstractCallSite.java:151)
	at _GrailsRun_groovy$_run_closure5_closure11.doCall(_GrailsRun_groovy)
	at sun.reflect.NativeMethodAccessorImpl.invoke0(Native Method)
	at sun.reflect.NativeMethodAccessorImpl.invoke(NativeMethodAccessorImpl.java:39)
	at sun.reflect.DelegatingMethodAccessorImpl.invoke(DelegatingMethodAccessorImpl.java:25)
	at java.lang.reflect.Method.invoke(Method.java:592)
	at org.codehaus.groovy.reflection.CachedMethod.invoke(CachedMethod.java:86)
	at groovy.lang.MetaMethod.doMethodInvoke(MetaMethod.java:234)
	at groovy.lang.MetaClassImpl.invokeMethod(MetaClassImpl.java:1049)
	at groovy.lang.ExpandoMetaClass.invokeMethod(ExpandoMetaClass.java:923)
	at groovy.lang.MetaClassImpl.invokeMethod(MetaClassImpl.java:880)
	at groovy.lang.Closure.call(Closure.java:279)
	at groovy.lang.Closure.call(Closure.java:274)
	at groovy.lang.Closure$call.call(Unknown Source)
	at org.codehaus.groovy.runtime.callsite.CallSiteArray.defaultCall(CallSiteArray.java:40)
	at groovy.lang.Closure$call.call(Unknown Source)
	at _GrailsSettings_groovy$_run_closure10.doCall(_GrailsSettings_groovy:274)
	at sun.reflect.GeneratedMethodAccessor196.invoke(Unknown Source)
	at sun.reflect.DelegatingMethodAccessorImpl.invoke(DelegatingMethodAccessorImpl.java:25)
	at java.lang.reflect.Method.invoke(Method.java:592)
	at org.codehaus.groovy.runtime.callsite.PogoMetaMethodSite$PogoCachedMethodSiteNoUnwrapNoCoerce.invoke(PogoMetaMethodSite.java:266)
	at org.codehaus.groovy.runtime.callsite.PogoMetaMethodSite.callCurrent(PogoMetaMethodSite.java:51)
	at org.codehaus.groovy.runtime.callsite.CallSiteArray.defaultCallCurrent(CallSiteArray.java:44)
	at org.codehaus.groovy.runtime.callsite.PogoMetaMethodSite.callCurrent(PogoMetaMethodSite.java:56)
	at org.codehaus.groovy.runtime.callsite.AbstractCallSite.callCurrent(AbstractCallSite.java:155)
	at _GrailsSettings_groovy$_run_closure10.call(_GrailsSettings_groovy)
	at sun.reflect.GeneratedMethodAccessor195.invoke(Unknown Source)
	at sun.reflect.DelegatingMethodAccessorImpl.invoke(DelegatingMethodAccessorImpl.java:25)
	at java.lang.reflect.Method.invoke(Method.java:592)
	at org.codehaus.groovy.reflection.CachedMethod.invoke(CachedMethod.java:86)
	at groovy.lang.MetaMethod.doMethodInvoke(MetaMethod.java:234)
	at groovy.lang.MetaClassImpl.invokeMethod(MetaClassImpl.java:1049)
	at groovy.lang.ExpandoMetaClass.invokeMethod(ExpandoMetaClass.java:923)
	at groovy.lang.MetaClassImpl.invokeMethod(MetaClassImpl.java:880)
	at groovy.lang.MetaClassImpl.invokePropertyOrMissing(MetaClassImpl.java:1095)
	at groovy.lang.MetaClassImpl.invokeMethod(MetaClassImpl.java:1051)
	at groovy.lang.ExpandoMetaClass.invokeMethod(ExpandoMetaClass.java:923)
	at groovy.lang.MetaClassImpl.invokeMethod(MetaClassImpl.java:880)
	at groovy.lang.MetaClassImpl.invokeMethod(MetaClassImpl.java:706)
	at groovy.lang.GroovyObjectSupport.invokeMethod(GroovyObjectSupport.java:44)
	at groovy.lang.Script.invokeMethod(Script.java:78)
	at groovy.lang.MetaClassImpl.invokeMethodOnGroovyObject(MetaClassImpl.java:1114)
	at groovy.lang.MetaClassImpl.invokeMethod(MetaClassImpl.java:1011)
	at groovy.lang.ExpandoMetaClass.invokeMethod(ExpandoMetaClass.java:923)
	at groovy.lang.MetaClassImpl.invokeMethod(MetaClassImpl.java:880)
	at org.codehaus.groovy.runtime.callsite.PogoMetaClassSite.callCurrent(PogoMetaClassSite.java:66)
	at org.codehaus.groovy.runtime.callsite.AbstractCallSite.callCurrent(AbstractCallSite.java:155)
	at _GrailsRun_groovy$_run_closure5.doCall(_GrailsRun_groovy:149)
	at sun.reflect.NativeMethodAccessorImpl.invoke0(Native Method)
	at sun.reflect.NativeMethodAccessorImpl.invoke(NativeMethodAccessorImpl.java:39)
	at sun.reflect.DelegatingMethodAccessorImpl.invoke(DelegatingMethodAccessorImpl.java:25)
	at java.lang.reflect.Method.invoke(Method.java:592)
	at org.codehaus.groovy.runtime.callsite.PogoMetaMethodSite$PogoCachedMethodSiteNoUnwrapNoCoerce.invoke(PogoMetaMethodSite.java:266)
	at org.codehaus.groovy.runtime.callsite.PogoMetaMethodSite.callCurrent(PogoMetaMethodSite.java:51)
	at org.codehaus.groovy.runtime.callsite.AbstractCallSite.callCurrent(AbstractCallSite.java:151)
	at _GrailsRun_groovy$_run_closure5.call(_GrailsRun_groovy)
	at sun.reflect.NativeMethodAccessorImpl.invoke0(Native Method)
	at sun.reflect.NativeMethodAccessorImpl.invoke(NativeMethodAccessorImpl.java:39)
	at sun.reflect.DelegatingMethodAccessorImpl.invoke(DelegatingMethodAccessorImpl.java:25)
	at java.lang.reflect.Method.invoke(Method.java:592)
	at org.codehaus.groovy.reflection.CachedMethod.invoke(CachedMethod.java:86)
	at groovy.lang.MetaMethod.doMethodInvoke(MetaMethod.java:234)
	at groovy.lang.MetaClassImpl.invokeMethod(MetaClassImpl.java:1049)
	at groovy.lang.ExpandoMetaClass.invokeMethod(ExpandoMetaClass.java:923)
	at groovy.lang.MetaClassImpl.invokeMethod(MetaClassImpl.java:880)
	at groovy.lang.MetaClassImpl.invokePropertyOrMissing(MetaClassImpl.java:1095)
	at groovy.lang.MetaClassImpl.invokeMethod(MetaClassImpl.java:1051)
	at groovy.lang.ExpandoMetaClass.invokeMethod(ExpandoMetaClass.java:923)
	at groovy.lang.MetaClassImpl.invokeMethod(MetaClassImpl.java:880)
	at org.codehaus.groovy.runtime.callsite.PogoMetaClassSite.callCurrent(PogoMetaClassSite.java:66)
	at org.codehaus.groovy.runtime.callsite.AbstractCallSite.callCurrent(AbstractCallSite.java:151)
	at _GrailsRun_groovy.runInline(_GrailsRun_groovy:115)
	at _GrailsRun_groovy.this$4$runInline(_GrailsRun_groovy)
	at sun.reflect.NativeMethodAccessorImpl.invoke0(Native Method)
	at sun.reflect.NativeMethodAccessorImpl.invoke(NativeMethodAccessorImpl.java:39)
	at sun.reflect.DelegatingMethodAccessorImpl.invoke(DelegatingMethodAccessorImpl.java:25)
	at java.lang.reflect.Method.invoke(Method.java:592)
	at org.codehaus.groovy.reflection.CachedMethod.invoke(CachedMethod.java:86)
	at groovy.lang.MetaMethod.doMethodInvoke(MetaMethod.java:234)
	at groovy.lang.MetaClassImpl.invokeMethod(MetaClassImpl.java:1049)
	at groovy.lang.ExpandoMetaClass.invokeMethod(ExpandoMetaClass.java:923)
	at groovy.lang.MetaClassImpl.invokeMethod(MetaClassImpl.java:880)
	at groovy.lang.MetaClassImpl.invokeMethod(MetaClassImpl.java:997)
	at groovy.lang.ExpandoMetaClass.invokeMethod(ExpandoMetaClass.java:923)
	at groovy.lang.MetaClassImpl.invokeMethod(MetaClassImpl.java:880)
	at groovy.lang.DelegatingMetaClass.invokeMethod(DelegatingMetaClass.java:149)
	at org.codehaus.gant.GantMetaClass.invokeMethod(GantMetaClass.java:127)
	at org.codehaus.groovy.runtime.callsite.PogoMetaClassSite.callCurrent(PogoMetaClassSite.java:66)
	at org.codehaus.groovy.runtime.callsite.AbstractCallSite.callCurrent(AbstractCallSite.java:163)
	at _GrailsRun_groovy$_run_closure1.doCall(_GrailsRun_groovy:59)
	at sun.reflect.NativeMethodAccessorImpl.invoke0(Native Method)
	at sun.reflect.NativeMethodAccessorImpl.invoke(NativeMethodAccessorImpl.java:39)
	at sun.reflect.DelegatingMethodAccessorImpl.invoke(DelegatingMethodAccessorImpl.java:25)
	at java.lang.reflect.Method.invoke(Method.java:592)
	at org.codehaus.groovy.reflection.CachedMethod.invoke(CachedMethod.java:86)
	at groovy.lang.MetaMethod.doMethodInvoke(MetaMethod.java:234)
	at groovy.lang.MetaClassImpl.invokeMethod(MetaClassImpl.java:1049)
	at groovy.lang.ExpandoMetaClass.invokeMethod(ExpandoMetaClass.java:923)
	at groovy.lang.MetaClassImpl.invokeMethod(MetaClassImpl.java:880)
	at groovy.lang.DelegatingMetaClass.invokeMethod(DelegatingMetaClass.java:149)
	at org.codehaus.gant.GantMetaClass.invokeMethod(GantMetaClass.java:127)
	at groovy.lang.Closure.call(Closure.java:279)
	at groovy.lang.Closure.call(Closure.java:292)
	at sun.reflect.GeneratedMethodAccessor50.invoke(Unknown Source)
	at sun.reflect.DelegatingMethodAccessorImpl.invoke(DelegatingMethodAccessorImpl.java:25)
	at java.lang.reflect.Method.invoke(Method.java:592)
	at org.codehaus.groovy.reflection.CachedMethod.invoke(CachedMethod.java:86)
	at groovy.lang.MetaMethod.doMethodInvoke(MetaMethod.java:234)
	at groovy.lang.MetaClassImpl.invokeMethod(MetaClassImpl.java:1049)
	at groovy.lang.ExpandoMetaClass.invokeMethod(ExpandoMetaClass.java:923)
	at groovy.lang.MetaClassImpl.invokeMethod(MetaClassImpl.java:880)
	at groovy.lang.DelegatingMetaClass.invokeMethod(DelegatingMetaClass.java:149)
	at org.codehaus.gant.GantMetaClass.invokeMethod(GantMetaClass.java:127)
	at org.codehaus.groovy.runtime.callsite.PogoMetaClassSite.call(PogoMetaClassSite.java:39)
	at org.codehaus.groovy.runtime.callsite.CallSiteArray.defaultCall(CallSiteArray.java:40)
	at org.codehaus.groovy.runtime.callsite.PogoMetaClassSite.call(PogoMetaClassSite.java:54)
	at org.codehaus.groovy.runtime.callsite.AbstractCallSite.call(AbstractCallSite.java:125)
	at org.codehaus.gant.GantBinding$_initializeGantBinding_closure4_closure8_closure9.doCall(GantBinding.groovy:152)
	at sun.reflect.GeneratedMethodAccessor61.invoke(Unknown Source)
	at sun.reflect.DelegatingMethodAccessorImpl.invoke(DelegatingMethodAccessorImpl.java:25)
	at java.lang.reflect.Method.invoke(Method.java:592)
	at org.codehaus.groovy.runtime.callsite.PogoMetaMethodSite$PogoCachedMethodSiteNoUnwrapNoCoerce.invoke(PogoMetaMethodSite.java:266)
	at org.codehaus.groovy.runtime.callsite.PogoMetaMethodSite.callCurrent(PogoMetaMethodSite.java:51)
	at org.codehaus.groovy.runtime.callsite.AbstractCallSite.callCurrent(AbstractCallSite.java:151)
	at org.codehaus.gant.GantBinding$_initializeGantBinding_closure4_closure8_closure9.doCall(GantBinding.groovy)
	at sun.reflect.GeneratedMethodAccessor60.invoke(Unknown Source)
	at sun.reflect.DelegatingMethodAccessorImpl.invoke(DelegatingMethodAccessorImpl.java:25)
	at java.lang.reflect.Method.invoke(Method.java:592)
	at org.codehaus.groovy.reflection.CachedMethod.invoke(CachedMethod.java:86)
	at groovy.lang.MetaMethod.doMethodInvoke(MetaMethod.java:234)
	at groovy.lang.MetaClassImpl.invokeMethod(MetaClassImpl.java:1049)
	at groovy.lang.ExpandoMetaClass.invokeMethod(ExpandoMetaClass.java:923)
	at groovy.lang.MetaClassImpl.invokeMethod(MetaClassImpl.java:880)
	at groovy.lang.Closure.call(Closure.java:279)
	at groovy.lang.Closure.call(Closure.java:274)
	at groovy.lang.Closure$call.call(Unknown Source)
	at org.codehaus.gant.GantBinding.withTargetEvent(GantBinding.groovy:90)
	at org.codehaus.gant.GantBinding.this$4$withTargetEvent(GantBinding.groovy)
	at sun.reflect.GeneratedMethodAccessor54.invoke(Unknown Source)
	at sun.reflect.DelegatingMethodAccessorImpl.invoke(DelegatingMethodAccessorImpl.java:25)
	at java.lang.reflect.Method.invoke(Method.java:592)
	at org.codehaus.groovy.reflection.CachedMethod.invoke(CachedMethod.java:86)
	at groovy.lang.MetaMethod.doMethodInvoke(MetaMethod.java:234)
	at groovy.lang.MetaClassImpl.invokeMethod(MetaClassImpl.java:1049)
	at groovy.lang.ExpandoMetaClass.invokeMethod(ExpandoMetaClass.java:923)
	at groovy.lang.MetaClassImpl.invokeMethod(MetaClassImpl.java:880)
	at groovy.lang.MetaClassImpl.invokeMethod(MetaClassImpl.java:997)
	at groovy.lang.ExpandoMetaClass.invokeMethod(ExpandoMetaClass.java:923)
	at groovy.lang.MetaClassImpl.invokeMethod(MetaClassImpl.java:880)
	at groovy.lang.MetaClassImpl.invokeMethod(MetaClassImpl.java:706)
	at groovy.lang.GroovyObjectSupport.invokeMethod(GroovyObjectSupport.java:44)
	at groovy.lang.MetaClassImpl.invokeMethodOnGroovyObject(MetaClassImpl.java:1114)
	at groovy.lang.MetaClassImpl.invokeMethod(MetaClassImpl.java:1011)
	at groovy.lang.ExpandoMetaClass.invokeMethod(ExpandoMetaClass.java:923)
	at groovy.lang.MetaClassImpl.invokeMethod(MetaClassImpl.java:880)
	at org.codehaus.groovy.runtime.callsite.PogoMetaClassSite.callCurrent(PogoMetaClassSite.java:66)
	at org.codehaus.groovy.runtime.callsite.AbstractCallSite.callCurrent(AbstractCallSite.java:159)
	at org.codehaus.gant.GantBinding$_initializeGantBinding_closure4_closure8.doCall(GantBinding.groovy:152)
	at sun.reflect.GeneratedMethodAccessor53.invoke(Unknown Source)
	at sun.reflect.DelegatingMethodAccessorImpl.invoke(DelegatingMethodAccessorImpl.java:25)
	at java.lang.reflect.Method.invoke(Method.java:592)
	at org.codehaus.groovy.runtime.callsite.PogoMetaMethodSite$PogoCachedMethodSiteNoUnwrapNoCoerce.invoke(PogoMetaMethodSite.java:266)
	at org.codehaus.groovy.runtime.callsite.PogoMetaMethodSite.callCurrent(PogoMetaMethodSite.java:51)
	at org.codehaus.groovy.runtime.callsite.AbstractCallSite.callCurrent(AbstractCallSite.java:151)
	at org.codehaus.gant.GantBinding$_initializeGantBinding_closure4_closure8.doCall(GantBinding.groovy)
	at sun.reflect.GeneratedMethodAccessor52.invoke(Unknown Source)
	at sun.reflect.DelegatingMethodAccessorImpl.invoke(DelegatingMethodAccessorImpl.java:25)
	at java.lang.reflect.Method.invoke(Method.java:592)
	at org.codehaus.groovy.reflection.CachedMethod.invoke(CachedMethod.java:86)
	at groovy.lang.MetaMethod.doMethodInvoke(MetaMethod.java:234)
	at groovy.lang.MetaClassImpl.invokeMethod(MetaClassImpl.java:1049)
	at groovy.lang.ExpandoMetaClass.invokeMethod(ExpandoMetaClass.java:923)
	at groovy.lang.MetaClassImpl.invokeMethod(MetaClassImpl.java:880)
	at groovy.lang.Closure.call(Closure.java:279)
	at groovy.lang.Closure.call(Closure.java:274)
	at sun.reflect.GeneratedMethodAccessor62.invoke(Unknown Source)
	at sun.reflect.DelegatingMethodAccessorImpl.invoke(DelegatingMethodAccessorImpl.java:25)
	at java.lang.reflect.Method.invoke(Method.java:592)
	at org.codehaus.groovy.reflection.CachedMethod.invoke(CachedMethod.java:86)
	at groovy.lang.MetaMethod.doMethodInvoke(MetaMethod.java:234)
	at groovy.lang.MetaClassImpl.invokeMethod(MetaClassImpl.java:1049)
	at groovy.lang.ExpandoMetaClass.invokeMethod(ExpandoMetaClass.java:923)
	at groovy.lang.MetaClassImpl.invokeMethod(MetaClassImpl.java:880)
	at groovy.lang.MetaClassImpl.invokePropertyOrMissing(MetaClassImpl.java:1095)
	at groovy.lang.MetaClassImpl.invokeMethod(MetaClassImpl.java:1051)
	at groovy.lang.ExpandoMetaClass.invokeMethod(ExpandoMetaClass.java:923)
	at groovy.lang.MetaClassImpl.invokeMethod(MetaClassImpl.java:880)
	at groovy.lang.MetaClassImpl.invokeMethod(MetaClassImpl.java:706)
	at groovy.lang.GroovyObjectSupport.invokeMethod(GroovyObjectSupport.java:44)
	at groovy.lang.Script.invokeMethod(Script.java:78)
	at groovy.lang.MetaClassImpl.invokeMethodOnGroovyObject(MetaClassImpl.java:1114)
	at groovy.lang.MetaClassImpl.invokeMethod(MetaClassImpl.java:1011)
	at groovy.lang.ExpandoMetaClass.invokeMethod(ExpandoMetaClass.java:923)
	at groovy.lang.MetaClassImpl.invokeMethod(MetaClassImpl.java:880)
	at groovy.lang.DelegatingMetaClass.invokeMethod(DelegatingMetaClass.java:149)
	at org.codehaus.gant.GantMetaClass.invokeMethod(GantMetaClass.java:127)
	at org.codehaus.gant.GantMetaClass.invokeMethod(GantMetaClass.java:162)
	at groovy.lang.GroovyObjectSupport.invokeMethod(GroovyObjectSupport.java:44)
	at groovy.lang.MetaClassImpl.invokeMethodOnGroovyObject(MetaClassImpl.java:1114)
	at groovy.lang.MetaClassImpl.invokeMethod(MetaClassImpl.java:1011)
	at groovy.lang.ExpandoMetaClass.invokeMethod(ExpandoMetaClass.java:923)
	at groovy.lang.MetaClassImpl.invokeMethod(MetaClassImpl.java:880)
	at org.codehaus.groovy.runtime.callsite.PogoMetaClassSite.callCurrent(PogoMetaClassSite.java:66)
	at org.codehaus.groovy.runtime.callsite.CallSiteArray.defaultCallCurrent(CallSiteArray.java:44)
	at org.codehaus.groovy.runtime.callsite.AbstractCallSite.callCurrent(AbstractCallSite.java:143)
	at org.codehaus.groovy.runtime.callsite.AbstractCallSite.callCurrent(AbstractCallSite.java:147)
	at _GrailsRun_groovy$_run_closure7_closure13.doCall(_GrailsRun_groovy:247)
	at sun.reflect.NativeMethodAccessorImpl.invoke0(Native Method)
	at sun.reflect.NativeMethodAccessorImpl.invoke(NativeMethodAccessorImpl.java:39)
	at sun.reflect.DelegatingMethodAccessorImpl.invoke(DelegatingMethodAccessorImpl.java:25)
	at java.lang.reflect.Method.invoke(Method.java:592)
	at org.codehaus.groovy.runtime.callsite.PogoMetaMethodSite$PogoCachedMethodSiteNoUnwrapNoCoerce.invoke(PogoMetaMethodSite.java:266)
	at org.codehaus.groovy.runtime.callsite.PogoMetaMethodSite.callCurrent(PogoMetaMethodSite.java:51)
	at org.codehaus.groovy.runtime.callsite.CallSiteArray.defaultCallCurrent(CallSiteArray.java:44)
	at org.codehaus.groovy.runtime.callsite.AbstractCallSite.callCurrent(AbstractCallSite.java:143)
	at org.codehaus.groovy.runtime.callsite.AbstractCallSite.callCurrent(AbstractCallSite.java:151)
	at _GrailsRun_groovy$_run_closure7_closure13.doCall(_GrailsRun_groovy)
	at sun.reflect.NativeMethodAccessorImpl.invoke0(Native Method)
	at sun.reflect.NativeMethodAccessorImpl.invoke(NativeMethodAccessorImpl.java:39)
	at sun.reflect.DelegatingMethodAccessorImpl.invoke(DelegatingMethodAccessorImpl.java:25)
	at java.lang.reflect.Method.invoke(Method.java:592)
	at org.codehaus.groovy.reflection.CachedMethod.invoke(CachedMethod.java:86)
	at groovy.lang.MetaMethod.doMethodInvoke(MetaMethod.java:234)
	at groovy.lang.MetaClassImpl.invokeMethod(MetaClassImpl.java:1049)
	at groovy.lang.ExpandoMetaClass.invokeMethod(ExpandoMetaClass.java:923)
	at groovy.lang.MetaClassImpl.invokeMethod(MetaClassImpl.java:880)
	at groovy.lang.Closure.call(Closure.java:279)
	at groovy.lang.Closure.call(Closure.java:274)
	at groovy.lang.Closure$call.call(Unknown Source)
	at org.codehaus.groovy.runtime.callsite.CallSiteArray.defaultCall(CallSiteArray.java:40)
	at org.codehaus.groovy.runtime.callsite.AbstractCallSite.call(AbstractCallSite.java:117)
	at org.codehaus.groovy.runtime.callsite.AbstractCallSite.call(AbstractCallSite.java:121)
	at _GrailsPackage_groovy$_run_closure8.doCall(_GrailsPackage_groovy:258)
	at sun.reflect.GeneratedMethodAccessor191.invoke(Unknown Source)
	at sun.reflect.DelegatingMethodAccessorImpl.invoke(DelegatingMethodAccessorImpl.java:25)
	at java.lang.reflect.Method.invoke(Method.java:592)
	at org.codehaus.groovy.runtime.callsite.PogoMetaMethodSite$PogoCachedMethodSiteNoUnwrapNoCoerce.invoke(PogoMetaMethodSite.java:266)
	at org.codehaus.groovy.runtime.callsite.PogoMetaMethodSite.callCurrent(PogoMetaMethodSite.java:51)
	at org.codehaus.groovy.runtime.callsite.AbstractCallSite.callCurrent(AbstractCallSite.java:155)
	at _GrailsPackage_groovy$_run_closure8.call(_GrailsPackage_groovy)
	at sun.reflect.GeneratedMethodAccessor190.invoke(Unknown Source)
	at sun.reflect.DelegatingMethodAccessorImpl.invoke(DelegatingMethodAccessorImpl.java:25)
	at java.lang.reflect.Method.invoke(Method.java:592)
	at org.codehaus.groovy.reflection.CachedMethod.invoke(CachedMethod.java:86)
	at groovy.lang.MetaMethod.doMethodInvoke(MetaMethod.java:234)
	at groovy.lang.MetaClassImpl.invokeMethod(MetaClassImpl.java:1049)
	at groovy.lang.ExpandoMetaClass.invokeMethod(ExpandoMetaClass.java:923)
	at groovy.lang.MetaClassImpl.invokeMethod(MetaClassImpl.java:880)
	at groovy.lang.MetaClassImpl.invokePropertyOrMissing(MetaClassImpl.java:1095)
	at groovy.lang.MetaClassImpl.invokeMethod(MetaClassImpl.java:1051)
	at groovy.lang.ExpandoMetaClass.invokeMethod(ExpandoMetaClass.java:923)
	at groovy.lang.MetaClassImpl.invokeMethod(MetaClassImpl.java:880)
	at groovy.lang.MetaClassImpl.invokeMethod(MetaClassImpl.java:706)
	at groovy.lang.GroovyObjectSupport.invokeMethod(GroovyObjectSupport.java:44)
	at groovy.lang.Script.invokeMethod(Script.java:78)
	at groovy.lang.MetaClassImpl.invokeMethodOnGroovyObject(MetaClassImpl.java:1114)
	at groovy.lang.MetaClassImpl.invokeMethod(MetaClassImpl.java:1011)
	at groovy.lang.ExpandoMetaClass.invokeMethod(ExpandoMetaClass.java:923)
	at groovy.lang.MetaClassImpl.invokeMethod(MetaClassImpl.java:880)
	at groovy.lang.DelegatingMetaClass.invokeMethod(DelegatingMetaClass.java:149)
	at org.codehaus.gant.GantMetaClass.invokeMethod(GantMetaClass.java:127)
	at org.codehaus.groovy.runtime.callsite.PogoMetaClassSite.callCurrent(PogoMetaClassSite.java:66)
	at org.codehaus.groovy.runtime.callsite.AbstractCallSite.callCurrent(AbstractCallSite.java:155)
	at _GrailsRun_groovy$_run_closure7.doCall(_GrailsRun_groovy:237)
	at sun.reflect.NativeMethodAccessorImpl.invoke0(Native Method)
	at sun.reflect.NativeMethodAccessorImpl.invoke(NativeMethodAccessorImpl.java:39)
	at sun.reflect.DelegatingMethodAccessorImpl.invoke(DelegatingMethodAccessorImpl.java:25)
	at java.lang.reflect.Method.invoke(Method.java:592)
	at org.codehaus.groovy.reflection.CachedMethod.invoke(CachedMethod.java:86)
	at groovy.lang.MetaMethod.doMethodInvoke(MetaMethod.java:234)
	at groovy.lang.MetaClassImpl.invokeMethod(MetaClassImpl.java:1049)
	at groovy.lang.ExpandoMetaClass.invokeMethod(ExpandoMetaClass.java:923)
	at groovy.lang.MetaClassImpl.invokeMethod(MetaClassImpl.java:880)
	at groovy.lang.DelegatingMetaClass.invokeMethod(DelegatingMetaClass.java:149)
	at org.codehaus.gant.GantMetaClass.invokeMethod(GantMetaClass.java:127)
	at groovy.lang.Closure.call(Closure.java:279)
	at groovy.lang.Closure.call(Closure.java:292)
	at sun.reflect.GeneratedMethodAccessor50.invoke(Unknown Source)
	at sun.reflect.DelegatingMethodAccessorImpl.invoke(DelegatingMethodAccessorImpl.java:25)
	at java.lang.reflect.Method.invoke(Method.java:592)
	at org.codehaus.groovy.reflection.CachedMethod.invoke(CachedMethod.java:86)
	at groovy.lang.MetaMethod.doMethodInvoke(MetaMethod.java:234)
	at groovy.lang.MetaClassImpl.invokeMethod(MetaClassImpl.java:1049)
	at groovy.lang.ExpandoMetaClass.invokeMethod(ExpandoMetaClass.java:923)
	at groovy.lang.MetaClassImpl.invokeMethod(MetaClassImpl.java:880)
	at groovy.lang.DelegatingMetaClass.invokeMethod(DelegatingMetaClass.java:149)
	at org.codehaus.gant.GantMetaClass.invokeMethod(GantMetaClass.java:127)
	at org.codehaus.groovy.runtime.callsite.PogoMetaClassSite.call(PogoMetaClassSite.java:39)
	at org.codehaus.groovy.runtime.callsite.CallSiteArray.defaultCall(CallSiteArray.java:40)
	at org.codehaus.groovy.runtime.callsite.PogoMetaClassSite.call(PogoMetaClassSite.java:54)
	at org.codehaus.groovy.runtime.callsite.AbstractCallSite.call(AbstractCallSite.java:125)
	at org.codehaus.gant.GantBinding$_initializeGantBinding_closure4_closure8_closure9.doCall(GantBinding.groovy:152)
	at sun.reflect.GeneratedMethodAccessor61.invoke(Unknown Source)
	at sun.reflect.DelegatingMethodAccessorImpl.invoke(DelegatingMethodAccessorImpl.java:25)
	at java.lang.reflect.Method.invoke(Method.java:592)
	at org.codehaus.groovy.runtime.callsite.PogoMetaMethodSite$PogoCachedMethodSiteNoUnwrapNoCoerce.invoke(PogoMetaMethodSite.java:266)
	at org.codehaus.groovy.runtime.callsite.PogoMetaMethodSite.callCurrent(PogoMetaMethodSite.java:51)
	at org.codehaus.groovy.runtime.callsite.AbstractCallSite.callCurrent(AbstractCallSite.java:151)
	at org.codehaus.gant.GantBinding$_initializeGantBinding_closure4_closure8_closure9.doCall(GantBinding.groovy)
	at sun.reflect.GeneratedMethodAccessor60.invoke(Unknown Source)
	at sun.reflect.DelegatingMethodAccessorImpl.invoke(DelegatingMethodAccessorImpl.java:25)
	at java.lang.reflect.Method.invoke(Method.java:592)
	at org.codehaus.groovy.reflection.CachedMethod.invoke(CachedMethod.java:86)
	at groovy.lang.MetaMethod.doMethodInvoke(MetaMethod.java:234)
	at groovy.lang.MetaClassImpl.invokeMethod(MetaClassImpl.java:1049)
	at groovy.lang.ExpandoMetaClass.invokeMethod(ExpandoMetaClass.java:923)
	at groovy.lang.MetaClassImpl.invokeMethod(MetaClassImpl.java:880)
	at groovy.lang.Closure.call(Closure.java:279)
	at groovy.lang.Closure.call(Closure.java:274)
	at groovy.lang.Closure$call.call(Unknown Source)
	at org.codehaus.gant.GantBinding.withTargetEvent(GantBinding.groovy:90)
	at org.codehaus.gant.GantBinding.this$4$withTargetEvent(GantBinding.groovy)
	at sun.reflect.GeneratedMethodAccessor54.invoke(Unknown Source)
	at sun.reflect.DelegatingMethodAccessorImpl.invoke(DelegatingMethodAccessorImpl.java:25)
	at java.lang.reflect.Method.invoke(Method.java:592)
	at org.codehaus.groovy.reflection.CachedMethod.invoke(CachedMethod.java:86)
	at groovy.lang.MetaMethod.doMethodInvoke(MetaMethod.java:234)
	at groovy.lang.MetaClassImpl.invokeMethod(MetaClassImpl.java:1049)
	at groovy.lang.ExpandoMetaClass.invokeMethod(ExpandoMetaClass.java:923)
	at groovy.lang.MetaClassImpl.invokeMethod(MetaClassImpl.java:880)
	at groovy.lang.MetaClassImpl.invokeMethod(MetaClassImpl.java:997)
	at groovy.lang.ExpandoMetaClass.invokeMethod(ExpandoMetaClass.java:923)
	at groovy.lang.MetaClassImpl.invokeMethod(MetaClassImpl.java:880)
	at groovy.lang.MetaClassImpl.invokeMethod(MetaClassImpl.java:706)
	at groovy.lang.GroovyObjectSupport.invokeMethod(GroovyObjectSupport.java:44)
	at groovy.lang.MetaClassImpl.invokeMethodOnGroovyObject(MetaClassImpl.java:1114)
	at groovy.lang.MetaClassImpl.invokeMethod(MetaClassImpl.java:1011)
	at groovy.lang.ExpandoMetaClass.invokeMethod(ExpandoMetaClass.java:923)
	at groovy.lang.MetaClassImpl.invokeMethod(MetaClassImpl.java:880)
	at org.codehaus.groovy.runtime.callsite.PogoMetaClassSite.callCurrent(PogoMetaClassSite.java:66)
	at org.codehaus.groovy.runtime.callsite.AbstractCallSite.callCurrent(AbstractCallSite.java:159)
	at org.codehaus.gant.GantBinding$_initializeGantBinding_closure4_closure8.doCall(GantBinding.groovy:152)
	at sun.reflect.GeneratedMethodAccessor53.invoke(Unknown Source)
	at sun.reflect.DelegatingMethodAccessorImpl.invoke(DelegatingMethodAccessorImpl.java:25)
	at java.lang.reflect.Method.invoke(Method.java:592)
	at org.codehaus.groovy.runtime.callsite.PogoMetaMethodSite$PogoCachedMethodSiteNoUnwrapNoCoerce.invoke(PogoMetaMethodSite.java:266)
	at org.codehaus.groovy.runtime.callsite.PogoMetaMethodSite.callCurrent(PogoMetaMethodSite.java:51)
	at org.codehaus.groovy.runtime.callsite.AbstractCallSite.callCurrent(AbstractCallSite.java:151)
	at org.codehaus.gant.GantBinding$_initializeGantBinding_closure4_closure8.doCall(GantBinding.groovy)
	at sun.reflect.GeneratedMethodAccessor52.invoke(Unknown Source)
	at sun.reflect.DelegatingMethodAccessorImpl.invoke(DelegatingMethodAccessorImpl.java:25)
	at java.lang.reflect.Method.invoke(Method.java:592)
	at org.codehaus.groovy.reflection.CachedMethod.invoke(CachedMethod.java:86)
	at groovy.lang.MetaMethod.doMethodInvoke(MetaMethod.java:234)
	at groovy.lang.MetaClassImpl.invokeMethod(MetaClassImpl.java:1049)
	at groovy.lang.ExpandoMetaClass.invokeMethod(ExpandoMetaClass.java:923)
	at groovy.lang.MetaClassImpl.invokeMethod(MetaClassImpl.java:880)
	at groovy.lang.Closure.call(Closure.java:279)
	at groovy.lang.Closure.call(Closure.java:274)
	at sun.reflect.GeneratedMethodAccessor62.invoke(Unknown Source)
	at sun.reflect.DelegatingMethodAccessorImpl.invoke(DelegatingMethodAccessorImpl.java:25)
	at java.lang.reflect.Method.invoke(Method.java:592)
	at org.codehaus.groovy.reflection.CachedMethod.invoke(CachedMethod.java:86)
	at groovy.lang.MetaMethod.doMethodInvoke(MetaMethod.java:234)
	at groovy.lang.MetaClassImpl.invokeMethod(MetaClassImpl.java:1049)
	at groovy.lang.ExpandoMetaClass.invokeMethod(ExpandoMetaClass.java:923)
	at groovy.lang.MetaClassImpl.invokeMethod(MetaClassImpl.java:880)
	at groovy.lang.MetaClassImpl.invokePropertyOrMissing(MetaClassImpl.java:1095)
	at groovy.lang.MetaClassImpl.invokeMethod(MetaClassImpl.java:1051)
	at groovy.lang.ExpandoMetaClass.invokeMethod(ExpandoMetaClass.java:923)
	at groovy.lang.MetaClassImpl.invokeMethod(MetaClassImpl.java:880)
	at groovy.lang.MetaClassImpl.invokeMethod(MetaClassImpl.java:706)
	at groovy.lang.GroovyObjectSupport.invokeMethod(GroovyObjectSupport.java:44)
	at groovy.lang.Script.invokeMethod(Script.java:78)
	at groovy.lang.MetaClassImpl.invokeMethodOnGroovyObject(MetaClassImpl.java:1114)
	at groovy.lang.MetaClassImpl.invokeMethod(MetaClassImpl.java:1011)
	at groovy.lang.ExpandoMetaClass.invokeMethod(ExpandoMetaClass.java:923)
	at groovy.lang.MetaClassImpl.invokeMethod(MetaClassImpl.java:880)
	at groovy.lang.DelegatingMetaClass.invokeMethod(DelegatingMetaClass.java:149)
	at org.codehaus.gant.GantMetaClass.invokeMethod(GantMetaClass.java:127)
	at org.codehaus.groovy.runtime.callsite.PogoMetaClassSite.callCurrent(PogoMetaClassSite.java:66)
	at org.codehaus.groovy.runtime.callsite.CallSiteArray.defaultCallCurrent(CallSiteArray.java:44)
	at org.codehaus.groovy.runtime.callsite.AbstractCallSite.callCurrent(AbstractCallSite.java:143)
	at org.codehaus.groovy.runtime.callsite.AbstractCallSite.callCurrent(AbstractCallSite.java:147)
	at RunApp$_run_closure1.doCall(RunApp.groovy:35)
	at sun.reflect.NativeMethodAccessorImpl.invoke0(Native Method)
	at sun.reflect.NativeMethodAccessorImpl.invoke(NativeMethodAccessorImpl.java:39)
	at sun.reflect.DelegatingMethodAccessorImpl.invoke(DelegatingMethodAccessorImpl.java:25)
	at java.lang.reflect.Method.invoke(Method.java:592)
	at org.codehaus.groovy.reflection.CachedMethod.invoke(CachedMethod.java:86)
	at groovy.lang.MetaMethod.doMethodInvoke(MetaMethod.java:234)
	at groovy.lang.MetaClassImpl.invokeMethod(MetaClassImpl.java:1049)
	at groovy.lang.ExpandoMetaClass.invokeMethod(ExpandoMetaClass.java:923)
	at groovy.lang.MetaClassImpl.invokeMethod(MetaClassImpl.java:880)
	at groovy.lang.DelegatingMetaClass.invokeMethod(DelegatingMetaClass.java:149)
	at org.codehaus.gant.GantMetaClass.invokeMethod(GantMetaClass.java:127)
	at groovy.lang.Closure.call(Closure.java:279)
	at groovy.lang.Closure.call(Closure.java:292)
	at sun.reflect.NativeMethodAccessorImpl.invoke0(Native Method)
	at sun.reflect.NativeMethodAccessorImpl.invoke(NativeMethodAccessorImpl.java:39)
	at sun.reflect.DelegatingMethodAccessorImpl.invoke(DelegatingMethodAccessorImpl.java:25)
	at java.lang.reflect.Method.invoke(Method.java:592)
	at org.codehaus.groovy.reflection.CachedMethod.invoke(CachedMethod.java:86)
	at groovy.lang.MetaMethod.doMethodInvoke(MetaMethod.java:234)
	at groovy.lang.MetaClassImpl.invokeMethod(MetaClassImpl.java:1049)
	at groovy.lang.ExpandoMetaClass.invokeMethod(ExpandoMetaClass.java:923)
	at groovy.lang.MetaClassImpl.invokeMethod(MetaClassImpl.java:880)
	at groovy.lang.DelegatingMetaClass.invokeMethod(DelegatingMetaClass.java:149)
	at org.codehaus.gant.GantMetaClass.invokeMethod(GantMetaClass.java:127)
	at org.codehaus.groovy.runtime.callsite.PogoMetaClassSite.call(PogoMetaClassSite.java:39)
	at org.codehaus.groovy.runtime.callsite.CallSiteArray.defaultCall(CallSiteArray.java:40)
	at org.codehaus.groovy.runtime.callsite.PogoMetaClassSite.call(PogoMetaClassSite.java:54)
	at org.codehaus.groovy.runtime.callsite.AbstractCallSite.call(AbstractCallSite.java:125)
	at org.codehaus.gant.GantBinding$_initializeGantBinding_closure4_closure8_closure9.doCall(GantBinding.groovy:152)
	at sun.reflect.NativeMethodAccessorImpl.invoke0(Native Method)
	at sun.reflect.NativeMethodAccessorImpl.invoke(NativeMethodAccessorImpl.java:39)
	at sun.reflect.DelegatingMethodAccessorImpl.invoke(DelegatingMethodAccessorImpl.java:25)
	at java.lang.reflect.Method.invoke(Method.java:592)
	at org.codehaus.groovy.runtime.callsite.PogoMetaMethodSite$PogoCachedMethodSiteNoUnwrapNoCoerce.invoke(PogoMetaMethodSite.java:266)
	at org.codehaus.groovy.runtime.callsite.PogoMetaMethodSite.callCurrent(PogoMetaMethodSite.java:51)
	at org.codehaus.groovy.runtime.callsite.AbstractCallSite.callCurrent(AbstractCallSite.java:151)
	at org.codehaus.gant.GantBinding$_initializeGantBinding_closure4_closure8_closure9.doCall(GantBinding.groovy)
	at sun.reflect.NativeMethodAccessorImpl.invoke0(Native Method)
	at sun.reflect.NativeMethodAccessorImpl.invoke(NativeMethodAccessorImpl.java:39)
	at sun.reflect.DelegatingMethodAccessorImpl.invoke(DelegatingMethodAccessorImpl.java:25)
	at java.lang.reflect.Method.invoke(Method.java:592)
	at org.codehaus.groovy.reflection.CachedMethod.invoke(CachedMethod.java:86)
	at groovy.lang.MetaMethod.doMethodInvoke(MetaMethod.java:234)
	at groovy.lang.MetaClassImpl.invokeMethod(MetaClassImpl.java:1049)
	at groovy.lang.ExpandoMetaClass.invokeMethod(ExpandoMetaClass.java:923)
	at groovy.lang.MetaClassImpl.invokeMethod(MetaClassImpl.java:880)
	at groovy.lang.Closure.call(Closure.java:279)
	at groovy.lang.Closure.call(Closure.java:274)
	at groovy.lang.Closure$call.call(Unknown Source)
	at org.codehaus.gant.GantBinding.withTargetEvent(GantBinding.groovy:90)
	at org.codehaus.gant.GantBinding.this$4$withTargetEvent(GantBinding.groovy)
	at sun.reflect.NativeMethodAccessorImpl.invoke0(Native Method)
	at sun.reflect.NativeMethodAccessorImpl.invoke(NativeMethodAccessorImpl.java:39)
	at sun.reflect.DelegatingMethodAccessorImpl.invoke(DelegatingMethodAccessorImpl.java:25)
	at java.lang.reflect.Method.invoke(Method.java:592)
	at org.codehaus.groovy.reflection.CachedMethod.invoke(CachedMethod.java:86)
	at groovy.lang.MetaMethod.doMethodInvoke(MetaMethod.java:234)
	at groovy.lang.MetaClassImpl.invokeMethod(MetaClassImpl.java:1049)
	at groovy.lang.ExpandoMetaClass.invokeMethod(ExpandoMetaClass.java:923)
	at groovy.lang.MetaClassImpl.invokeMethod(MetaClassImpl.java:880)
	at groovy.lang.MetaClassImpl.invokeMethod(MetaClassImpl.java:997)
	at groovy.lang.ExpandoMetaClass.invokeMethod(ExpandoMetaClass.java:923)
	at groovy.lang.MetaClassImpl.invokeMethod(MetaClassImpl.java:880)
	at groovy.lang.MetaClassImpl.invokeMethod(MetaClassImpl.java:706)
	at groovy.lang.GroovyObjectSupport.invokeMethod(GroovyObjectSupport.java:44)
	at groovy.lang.MetaClassImpl.invokeMethodOnGroovyObject(MetaClassImpl.java:1114)
	at groovy.lang.MetaClassImpl.invokeMethod(MetaClassImpl.java:1011)
	at groovy.lang.ExpandoMetaClass.invokeMethod(ExpandoMetaClass.java:923)
	at groovy.lang.MetaClassImpl.invokeMethod(MetaClassImpl.java:880)
	at org.codehaus.groovy.runtime.callsite.PogoMetaClassSite.callCurrent(PogoMetaClassSite.java:66)
	at org.codehaus.groovy.runtime.callsite.AbstractCallSite.callCurrent(AbstractCallSite.java:159)
	at org.codehaus.gant.GantBinding$_initializeGantBinding_closure4_closure8.doCall(GantBinding.groovy:152)
	at sun.reflect.NativeMethodAccessorImpl.invoke0(Native Method)
	at sun.reflect.NativeMethodAccessorImpl.invoke(NativeMethodAccessorImpl.java:39)
	at sun.reflect.DelegatingMethodAccessorImpl.invoke(DelegatingMethodAccessorImpl.java:25)
	at java.lang.reflect.Method.invoke(Method.java:592)
	at org.codehaus.groovy.runtime.callsite.PogoMetaMethodSite$PogoCachedMethodSiteNoUnwrapNoCoerce.invoke(PogoMetaMethodSite.java:266)
	at org.codehaus.groovy.runtime.callsite.PogoMetaMethodSite.callCurrent(PogoMetaMethodSite.java:51)
	at org.codehaus.groovy.runtime.callsite.AbstractCallSite.callCurrent(AbstractCallSite.java:151)
	at org.codehaus.gant.GantBinding$_initializeGantBinding_closure4_closure8.doCall(GantBinding.groovy)
	at sun.reflect.NativeMethodAccessorImpl.invoke0(Native Method)
	at sun.reflect.NativeMethodAccessorImpl.invoke(NativeMethodAccessorImpl.java:39)
	at sun.reflect.DelegatingMethodAccessorImpl.invoke(DelegatingMethodAccessorImpl.java:25)
	at java.lang.reflect.Method.invoke(Method.java:592)
	at org.codehaus.groovy.reflection.CachedMethod.invoke(CachedMethod.java:86)
	at groovy.lang.MetaMethod.doMethodInvoke(MetaMethod.java:234)
	at groovy.lang.MetaClassImpl.invokeMethod(MetaClassImpl.java:1049)
	at groovy.lang.ExpandoMetaClass.invokeMethod(ExpandoMetaClass.java:923)
	at groovy.lang.MetaClassImpl.invokeMethod(MetaClassImpl.java:880)
	at groovy.lang.Closure.call(Closure.java:279)
	at groovy.lang.Closure.call(Closure.java:274)
	at groovy.lang.Closure$call.call(Unknown Source)
	at org.codehaus.groovy.runtime.callsite.CallSiteArray.defaultCall(CallSiteArray.java:40)
	at org.codehaus.groovy.runtime.callsite.AbstractCallSite.call(AbstractCallSite.java:117)
	at org.codehaus.groovy.runtime.callsite.AbstractCallSite.call(AbstractCallSite.java:121)
	at gant.Gant$_dispatch_closure4.doCall(Gant.groovy:324)
	at sun.reflect.NativeMethodAccessorImpl.invoke0(Native Method)
	at sun.reflect.NativeMethodAccessorImpl.invoke(NativeMethodAccessorImpl.java:39)
	at sun.reflect.DelegatingMethodAccessorImpl.invoke(DelegatingMethodAccessorImpl.java:25)
	at java.lang.reflect.Method.invoke(Method.java:592)
	at org.codehaus.groovy.reflection.CachedMethod.invoke(CachedMethod.java:86)
	at groovy.lang.MetaMethod.doMethodInvoke(MetaMethod.java:234)
	at groovy.lang.MetaClassImpl.invokeMethod(MetaClassImpl.java:1049)
	at groovy.lang.ExpandoMetaClass.invokeMethod(ExpandoMetaClass.java:923)
	at groovy.lang.MetaClassImpl.invokeMethod(MetaClassImpl.java:880)
	at groovy.lang.Closure.call(Closure.java:279)
	at groovy.lang.Closure.call(Closure.java:292)
	at groovy.lang.Closure$call$0.call(Unknown Source)
	at org.codehaus.groovy.runtime.callsite.CallSiteArray.defaultCall(CallSiteArray.java:40)
	at org.codehaus.groovy.runtime.callsite.AbstractCallSite.call(AbstractCallSite.java:117)
	at org.codehaus.groovy.runtime.callsite.AbstractCallSite.call(AbstractCallSite.java:125)
	at gant.Gant$_dispatch_closure6.doCall(Gant.groovy:334)
	at sun.reflect.NativeMethodAccessorImpl.invoke0(Native Method)
	at sun.reflect.NativeMethodAccessorImpl.invoke(NativeMethodAccessorImpl.java:39)
	at sun.reflect.DelegatingMethodAccessorImpl.invoke(DelegatingMethodAccessorImpl.java:25)
	at java.lang.reflect.Method.invoke(Method.java:592)
	at org.codehaus.groovy.runtime.callsite.PogoMetaMethodSite$PogoCachedMethodSiteNoUnwrapNoCoerce.invoke(PogoMetaMethodSite.java:266)
	at org.codehaus.groovy.runtime.callsite.PogoMetaMethodSite.callCurrent(PogoMetaMethodSite.java:51)
	at org.codehaus.groovy.runtime.callsite.CallSiteArray.defaultCallCurrent(CallSiteArray.java:44)
	at org.codehaus.groovy.runtime.callsite.AbstractCallSite.callCurrent(AbstractCallSite.java:143)
	at org.codehaus.groovy.runtime.callsite.AbstractCallSite.callCurrent(AbstractCallSite.java:151)
	at gant.Gant$_dispatch_closure6.doCall(Gant.groovy)
	at sun.reflect.NativeMethodAccessorImpl.invoke0(Native Method)
	at sun.reflect.NativeMethodAccessorImpl.invoke(NativeMethodAccessorImpl.java:39)
	at sun.reflect.DelegatingMethodAccessorImpl.invoke(DelegatingMethodAccessorImpl.java:25)
	at java.lang.reflect.Method.invoke(Method.java:592)
	at org.codehaus.groovy.reflection.CachedMethod.invoke(CachedMethod.java:86)
	at groovy.lang.MetaMethod.doMethodInvoke(MetaMethod.java:234)
	at groovy.lang.MetaClassImpl.invokeMethod(MetaClassImpl.java:1049)
	at groovy.lang.ExpandoMetaClass.invokeMethod(ExpandoMetaClass.java:923)
	at groovy.lang.MetaClassImpl.invokeMethod(MetaClassImpl.java:880)
	at groovy.lang.Closure.call(Closure.java:279)
	at groovy.lang.Closure.call(Closure.java:274)
	at groovy.lang.Closure$call.call(Unknown Source)
	at org.codehaus.groovy.runtime.callsite.CallSiteArray.defaultCall(CallSiteArray.java:40)
	at org.codehaus.groovy.runtime.callsite.AbstractCallSite.call(AbstractCallSite.java:117)
	at org.codehaus.groovy.runtime.callsite.AbstractCallSite.call(AbstractCallSite.java:121)
	at gant.Gant.withBuildListeners(Gant.groovy:344)
	at gant.Gant.this$2$withBuildListeners(Gant.groovy)
	at gant.Gant$this$2$withBuildListeners.callCurrent(Unknown Source)
	at org.codehaus.groovy.runtime.callsite.CallSiteArray.defaultCallCurrent(CallSiteArray.java:44)
	at org.codehaus.groovy.runtime.callsite.AbstractCallSite.callCurrent(AbstractCallSite.java:143)
	at org.codehaus.groovy.runtime.callsite.AbstractCallSite.callCurrent(AbstractCallSite.java:151)
	at gant.Gant.dispatch(Gant.groovy:334)
	at gant.Gant.this$2$dispatch(Gant.groovy)
	at sun.reflect.NativeMethodAccessorImpl.invoke0(Native Method)
	at sun.reflect.NativeMethodAccessorImpl.invoke(NativeMethodAccessorImpl.java:39)
	at sun.reflect.DelegatingMethodAccessorImpl.invoke(DelegatingMethodAccessorImpl.java:25)
	at java.lang.reflect.Method.invoke(Method.java:592)
	at org.codehaus.groovy.reflection.CachedMethod.invoke(CachedMethod.java:86)
	at groovy.lang.MetaMethod.doMethodInvoke(MetaMethod.java:234)
	at groovy.lang.MetaClassImpl.invokeMethod(MetaClassImpl.java:1049)
	at groovy.lang.ExpandoMetaClass.invokeMethod(ExpandoMetaClass.java:923)
	at groovy.lang.MetaClassImpl.invokeMethod(MetaClassImpl.java:880)
	at groovy.lang.MetaClassImpl.invokeMethod(MetaClassImpl.java:708)
	at gant.Gant.invokeMethod(Gant.groovy)
	at groovy.lang.GroovyObject$invokeMethod.callCurrent(Unknown Source)
	at org.codehaus.groovy.runtime.callsite.CallSiteArray.defaultCallCurrent(CallSiteArray.java:44)
	at org.codehaus.groovy.runtime.callsite.AbstractCallSite.callCurrent(AbstractCallSite.java:143)
	at org.codehaus.groovy.runtime.callsite.AbstractCallSite.callCurrent(AbstractCallSite.java:155)
	at gant.Gant.processTargets(Gant.groovy:495)
	at sun.reflect.NativeMethodAccessorImpl.invoke0(Native Method)
	at sun.reflect.NativeMethodAccessorImpl.invoke(NativeMethodAccessorImpl.java:39)
	at sun.reflect.DelegatingMethodAccessorImpl.invoke(DelegatingMethodAccessorImpl.java:25)
	at java.lang.reflect.Method.invoke(Method.java:592)
	at org.codehaus.groovy.runtime.callsite.PogoMetaMethodSite$PogoCachedMethodSiteNoUnwrapNoCoerce.invoke(PogoMetaMethodSite.java:266)
	at org.codehaus.groovy.runtime.callsite.PogoMetaMethodSite.callCurrent(PogoMetaMethodSite.java:51)
	at org.codehaus.groovy.runtime.callsite.CallSiteArray.defaultCallCurrent(CallSiteArray.java:44)
	at org.codehaus.groovy.runtime.callsite.AbstractCallSite.callCurrent(AbstractCallSite.java:143)
	at org.codehaus.groovy.runtime.callsite.AbstractCallSite.callCurrent(AbstractCallSite.java:155)
	at gant.Gant.processTargets(Gant.groovy:480)
	at org.codehaus.groovy.grails.cli.GrailsScriptRunner.callPluginOrGrailsScript(GrailsScriptRunner.java:409)
	at org.codehaus.groovy.grails.cli.GrailsScriptRunner.executeCommand(GrailsScriptRunner.java:279)
	at org.codehaus.groovy.grails.cli.GrailsScriptRunner.main(GrailsScriptRunner.java:106)
	at sun.reflect.NativeMethodAccessorImpl.invoke0(Native Method)
	at sun.reflect.NativeMethodAccessorImpl.invoke(NativeMethodAccessorImpl.java:39)
	at sun.reflect.DelegatingMethodAccessorImpl.invoke(DelegatingMethodAccessorImpl.java:25)
	at java.lang.reflect.Method.invoke(Method.java:592)
	at org.codehaus.groovy.grails.cli.support.GrailsStarter.rootLoader(GrailsStarter.java:187)
	at org.codehaus.groovy.grails.cli.support.GrailsStarter.main(GrailsStarter.java:212)
2009-09-24 12:08:00,424 [main] ERROR StackTrace  - Sanitizing stacktrace:
org.springframework.beans.factory.BeanCreationException: Error creating bean with name 'pluginManager' defined in ServletContext resource [/WEB-INF/applicationContext.xml]: Invocation of init method failed; nested exception is java.lang.ClassCastException: java.util.ArrayList
	at org.springframework.beans.factory.support.AbstractAutowireCapableBeanFactory.initializeBean(AbstractAutowireCapableBeanFactory.java:1393)
	at org.springframework.beans.factory.support.AbstractAutowireCapableBeanFactory.doCreateBean(AbstractAutowireCapableBeanFactory.java:511)
	at org.springframework.beans.factory.support.AbstractAutowireCapableBeanFactory.createBean(AbstractAutowireCapableBeanFactory.java:449)
	at org.springframework.beans.factory.support.AbstractBeanFactory$1.getObject(AbstractBeanFactory.java:289)
	at org.springframework.beans.factory.support.DefaultSingletonBeanRegistry.getSingleton(DefaultSingletonBeanRegistry.java:222)
	at org.springframework.beans.factory.support.AbstractBeanFactory.doGetBean(AbstractBeanFactory.java:286)
	at org.springframework.beans.factory.support.AbstractBeanFactory.getBean(AbstractBeanFactory.java:188)
	at org.springframework.beans.factory.support.DefaultListableBeanFactory.preInstantiateSingletons(DefaultListableBeanFactory.java:510)
	at org.springframework.context.support.AbstractApplicationContext.finishBeanFactoryInitialization(AbstractApplicationContext.java:716)
	at org.springframework.context.support.AbstractApplicationContext.refresh(AbstractApplicationContext.java:383)
	at org.springframework.web.context.ContextLoader.createWebApplicationContext(ContextLoader.java:270)
	at org.codehaus.groovy.grails.web.context.GrailsContextLoader.createWebApplicationContext(GrailsContextLoader.java:65)
	at org.springframework.web.context.ContextLoader.initWebApplicationContext(ContextLoader.java:197)
	at org.springframework.web.context.ContextLoaderListener.contextInitialized(ContextLoaderListener.java:47)
	at org.apache.catalina.core.StandardContext.listenerStart(StandardContext.java:3961)
	at org.apache.catalina.core.StandardContext.start(StandardContext.java:4456)
	at org.apache.catalina.core.ContainerBase.start(ContainerBase.java:1045)
	at org.apache.catalina.core.StandardHost.start(StandardHost.java:722)
	at org.apache.catalina.core.ContainerBase.start(ContainerBase.java:1045)
	at org.apache.catalina.core.StandardEngine.start(StandardEngine.java:443)
	at org.apache.catalina.core.StandardService.start(StandardService.java:515)
	at org.apache.catalina.core.StandardServer.start(StandardServer.java:708)
	at org.apache.catalina.startup.Tomcat.start(Tomcat.java:252)
	at sun.reflect.NativeMethodAccessorImpl.invoke0(Native Method)
	at sun.reflect.NativeMethodAccessorImpl.invoke(NativeMethodAccessorImpl.java:39)
	at sun.reflect.DelegatingMethodAccessorImpl.invoke(DelegatingMethodAccessorImpl.java:25)
	at java.lang.reflect.Method.invoke(Method.java:592)
	at org.codehaus.groovy.runtime.callsite.PojoMetaMethodSite$PojoCachedMethodSiteNoUnwrapNoCoerce.invoke(PojoMetaMethodSite.java:229)
	at org.codehaus.groovy.runtime.callsite.PojoMetaMethodSite.call(PojoMetaMethodSite.java:52)
	at org.codehaus.groovy.runtime.callsite.CallSiteArray.defaultCall(CallSiteArray.java:40)
	at org.codehaus.groovy.runtime.callsite.AbstractCallSite.call(AbstractCallSite.java:117)
	at org.codehaus.groovy.runtime.callsite.AbstractCallSite.call(AbstractCallSite.java:121)
	at org.grails.tomcat.TomcatServer.start(TomcatServer.groovy:107)
	at grails.web.container.EmbeddableServer$start.call(Unknown Source)
	at org.codehaus.groovy.runtime.callsite.CallSiteArray.defaultCall(CallSiteArray.java:40)
	at grails.web.container.EmbeddableServer$start.call(Unknown Source)
	at _GrailsRun_groovy$_run_closure5_closure11.doCall(_GrailsRun_groovy:157)
	at sun.reflect.NativeMethodAccessorImpl.invoke0(Native Method)
	at sun.reflect.NativeMethodAccessorImpl.invoke(NativeMethodAccessorImpl.java:39)
	at sun.reflect.DelegatingMethodAccessorImpl.invoke(DelegatingMethodAccessorImpl.java:25)
	at java.lang.reflect.Method.invoke(Method.java:592)
	at org.codehaus.groovy.runtime.callsite.PogoMetaMethodSite$PogoCachedMethodSiteNoUnwrapNoCoerce.invoke(PogoMetaMethodSite.java:266)
	at org.codehaus.groovy.runtime.callsite.PogoMetaMethodSite.callCurrent(PogoMetaMethodSite.java:51)
	at org.codehaus.groovy.runtime.callsite.AbstractCallSite.callCurrent(AbstractCallSite.java:151)
	at _GrailsRun_groovy$_run_closure5_closure11.doCall(_GrailsRun_groovy)
	at sun.reflect.NativeMethodAccessorImpl.invoke0(Native Method)
	at sun.reflect.NativeMethodAccessorImpl.invoke(NativeMethodAccessorImpl.java:39)
	at sun.reflect.DelegatingMethodAccessorImpl.invoke(DelegatingMethodAccessorImpl.java:25)
	at java.lang.reflect.Method.invoke(Method.java:592)
	at org.codehaus.groovy.reflection.CachedMethod.invoke(CachedMethod.java:86)
	at groovy.lang.MetaMethod.doMethodInvoke(MetaMethod.java:234)
	at groovy.lang.MetaClassImpl.invokeMethod(MetaClassImpl.java:1049)
	at groovy.lang.ExpandoMetaClass.invokeMethod(ExpandoMetaClass.java:923)
	at groovy.lang.MetaClassImpl.invokeMethod(MetaClassImpl.java:880)
	at groovy.lang.Closure.call(Closure.java:279)
	at groovy.lang.Closure.call(Closure.java:274)
	at groovy.lang.Closure$call.call(Unknown Source)
	at org.codehaus.groovy.runtime.callsite.CallSiteArray.defaultCall(CallSiteArray.java:40)
	at groovy.lang.Closure$call.call(Unknown Source)
	at _GrailsSettings_groovy$_run_closure10.doCall(_GrailsSettings_groovy:274)
	at sun.reflect.GeneratedMethodAccessor196.invoke(Unknown Source)
	at sun.reflect.DelegatingMethodAccessorImpl.invoke(DelegatingMethodAccessorImpl.java:25)
	at java.lang.reflect.Method.invoke(Method.java:592)
	at org.codehaus.groovy.runtime.callsite.PogoMetaMethodSite$PogoCachedMethodSiteNoUnwrapNoCoerce.invoke(PogoMetaMethodSite.java:266)
	at org.codehaus.groovy.runtime.callsite.PogoMetaMethodSite.callCurrent(PogoMetaMethodSite.java:51)
	at org.codehaus.groovy.runtime.callsite.CallSiteArray.defaultCallCurrent(CallSiteArray.java:44)
	at org.codehaus.groovy.runtime.callsite.PogoMetaMethodSite.callCurrent(PogoMetaMethodSite.java:56)
	at org.codehaus.groovy.runtime.callsite.AbstractCallSite.callCurrent(AbstractCallSite.java:155)
	at _GrailsSettings_groovy$_run_closure10.call(_GrailsSettings_groovy)
	at sun.reflect.GeneratedMethodAccessor195.invoke(Unknown Source)
	at sun.reflect.DelegatingMethodAccessorImpl.invoke(DelegatingMethodAccessorImpl.java:25)
	at java.lang.reflect.Method.invoke(Method.java:592)
	at org.codehaus.groovy.reflection.CachedMethod.invoke(CachedMethod.java:86)
	at groovy.lang.MetaMethod.doMethodInvoke(MetaMethod.java:234)
	at groovy.lang.MetaClassImpl.invokeMethod(MetaClassImpl.java:1049)
	at groovy.lang.ExpandoMetaClass.invokeMethod(ExpandoMetaClass.java:923)
	at groovy.lang.MetaClassImpl.invokeMethod(MetaClassImpl.java:880)
	at groovy.lang.MetaClassImpl.invokePropertyOrMissing(MetaClassImpl.java:1095)
	at groovy.lang.MetaClassImpl.invokeMethod(MetaClassImpl.java:1051)
	at groovy.lang.ExpandoMetaClass.invokeMethod(ExpandoMetaClass.java:923)
	at groovy.lang.MetaClassImpl.invokeMethod(MetaClassImpl.java:880)
	at groovy.lang.MetaClassImpl.invokeMethod(MetaClassImpl.java:706)
	at groovy.lang.GroovyObjectSupport.invokeMethod(GroovyObjectSupport.java:44)
	at groovy.lang.Script.invokeMethod(Script.java:78)
	at groovy.lang.MetaClassImpl.invokeMethodOnGroovyObject(MetaClassImpl.java:1114)
	at groovy.lang.MetaClassImpl.invokeMethod(MetaClassImpl.java:1011)
	at groovy.lang.ExpandoMetaClass.invokeMethod(ExpandoMetaClass.java:923)
	at groovy.lang.MetaClassImpl.invokeMethod(MetaClassImpl.java:880)
	at org.codehaus.groovy.runtime.callsite.PogoMetaClassSite.callCurrent(PogoMetaClassSite.java:66)
	at org.codehaus.groovy.runtime.callsite.AbstractCallSite.callCurrent(AbstractCallSite.java:155)
	at _GrailsRun_groovy$_run_closure5.doCall(_GrailsRun_groovy:149)
	at sun.reflect.NativeMethodAccessorImpl.invoke0(Native Method)
	at sun.reflect.NativeMethodAccessorImpl.invoke(NativeMethodAccessorImpl.java:39)
	at sun.reflect.DelegatingMethodAccessorImpl.invoke(DelegatingMethodAccessorImpl.java:25)
	at java.lang.reflect.Method.invoke(Method.java:592)
	at org.codehaus.groovy.runtime.callsite.PogoMetaMethodSite$PogoCachedMethodSiteNoUnwrapNoCoerce.invoke(PogoMetaMethodSite.java:266)
	at org.codehaus.groovy.runtime.callsite.PogoMetaMethodSite.callCurrent(PogoMetaMethodSite.java:51)
	at org.codehaus.groovy.runtime.callsite.AbstractCallSite.callCurrent(AbstractCallSite.java:151)
	at _GrailsRun_groovy$_run_closure5.call(_GrailsRun_groovy)
	at sun.reflect.NativeMethodAccessorImpl.invoke0(Native Method)
	at sun.reflect.NativeMethodAccessorImpl.invoke(NativeMethodAccessorImpl.java:39)
	at sun.reflect.DelegatingMethodAccessorImpl.invoke(DelegatingMethodAccessorImpl.java:25)
	at java.lang.reflect.Method.invoke(Method.java:592)
	at org.codehaus.groovy.reflection.CachedMethod.invoke(CachedMethod.java:86)
	at groovy.lang.MetaMethod.doMethodInvoke(MetaMethod.java:234)
	at groovy.lang.MetaClassImpl.invokeMethod(MetaClassImpl.java:1049)
	at groovy.lang.ExpandoMetaClass.invokeMethod(ExpandoMetaClass.java:923)
	at groovy.lang.MetaClassImpl.invokeMethod(MetaClassImpl.java:880)
	at groovy.lang.MetaClassImpl.invokePropertyOrMissing(MetaClassImpl.java:1095)
	at groovy.lang.MetaClassImpl.invokeMethod(MetaClassImpl.java:1051)
	at groovy.lang.ExpandoMetaClass.invokeMethod(ExpandoMetaClass.java:923)
	at groovy.lang.MetaClassImpl.invokeMethod(MetaClassImpl.java:880)
	at org.codehaus.groovy.runtime.callsite.PogoMetaClassSite.callCurrent(PogoMetaClassSite.java:66)
	at org.codehaus.groovy.runtime.callsite.AbstractCallSite.callCurrent(AbstractCallSite.java:151)
	at _GrailsRun_groovy.runInline(_GrailsRun_groovy:115)
	at _GrailsRun_groovy.this$4$runInline(_GrailsRun_groovy)
	at sun.reflect.NativeMethodAccessorImpl.invoke0(Native Method)
	at sun.reflect.NativeMethodAccessorImpl.invoke(NativeMethodAccessorImpl.java:39)
	at sun.reflect.DelegatingMethodAccessorImpl.invoke(DelegatingMethodAccessorImpl.java:25)
	at java.lang.reflect.Method.invoke(Method.java:592)
	at org.codehaus.groovy.reflection.CachedMethod.invoke(CachedMethod.java:86)
	at groovy.lang.MetaMethod.doMethodInvoke(MetaMethod.java:234)
	at groovy.lang.MetaClassImpl.invokeMethod(MetaClassImpl.java:1049)
	at groovy.lang.ExpandoMetaClass.invokeMethod(ExpandoMetaClass.java:923)
	at groovy.lang.MetaClassImpl.invokeMethod(MetaClassImpl.java:880)
	at groovy.lang.MetaClassImpl.invokeMethod(MetaClassImpl.java:997)
	at groovy.lang.ExpandoMetaClass.invokeMethod(ExpandoMetaClass.java:923)
	at groovy.lang.MetaClassImpl.invokeMethod(MetaClassImpl.java:880)
	at groovy.lang.DelegatingMetaClass.invokeMethod(DelegatingMetaClass.java:149)
	at org.codehaus.gant.GantMetaClass.invokeMethod(GantMetaClass.java:127)
	at org.codehaus.groovy.runtime.callsite.PogoMetaClassSite.callCurrent(PogoMetaClassSite.java:66)
	at org.codehaus.groovy.runtime.callsite.AbstractCallSite.callCurrent(AbstractCallSite.java:163)
	at _GrailsRun_groovy$_run_closure1.doCall(_GrailsRun_groovy:59)
	at sun.reflect.NativeMethodAccessorImpl.invoke0(Native Method)
	at sun.reflect.NativeMethodAccessorImpl.invoke(NativeMethodAccessorImpl.java:39)
	at sun.reflect.DelegatingMethodAccessorImpl.invoke(DelegatingMethodAccessorImpl.java:25)
	at java.lang.reflect.Method.invoke(Method.java:592)
	at org.codehaus.groovy.reflection.CachedMethod.invoke(CachedMethod.java:86)
	at groovy.lang.MetaMethod.doMethodInvoke(MetaMethod.java:234)
	at groovy.lang.MetaClassImpl.invokeMethod(MetaClassImpl.java:1049)
	at groovy.lang.ExpandoMetaClass.invokeMethod(ExpandoMetaClass.java:923)
	at groovy.lang.MetaClassImpl.invokeMethod(MetaClassImpl.java:880)
	at groovy.lang.DelegatingMetaClass.invokeMethod(DelegatingMetaClass.java:149)
	at org.codehaus.gant.GantMetaClass.invokeMethod(GantMetaClass.java:127)
	at groovy.lang.Closure.call(Closure.java:279)
	at groovy.lang.Closure.call(Closure.java:292)
	at sun.reflect.GeneratedMethodAccessor50.invoke(Unknown Source)
	at sun.reflect.DelegatingMethodAccessorImpl.invoke(DelegatingMethodAccessorImpl.java:25)
	at java.lang.reflect.Method.invoke(Method.java:592)
	at org.codehaus.groovy.reflection.CachedMethod.invoke(CachedMethod.java:86)
	at groovy.lang.MetaMethod.doMethodInvoke(MetaMethod.java:234)
	at groovy.lang.MetaClassImpl.invokeMethod(MetaClassImpl.java:1049)
	at groovy.lang.ExpandoMetaClass.invokeMethod(ExpandoMetaClass.java:923)
	at groovy.lang.MetaClassImpl.invokeMethod(MetaClassImpl.java:880)
	at groovy.lang.DelegatingMetaClass.invokeMethod(DelegatingMetaClass.java:149)
	at org.codehaus.gant.GantMetaClass.invokeMethod(GantMetaClass.java:127)
	at org.codehaus.groovy.runtime.callsite.PogoMetaClassSite.call(PogoMetaClassSite.java:39)
	at org.codehaus.groovy.runtime.callsite.CallSiteArray.defaultCall(CallSiteArray.java:40)
	at org.codehaus.groovy.runtime.callsite.PogoMetaClassSite.call(PogoMetaClassSite.java:54)
	at org.codehaus.groovy.runtime.callsite.AbstractCallSite.call(AbstractCallSite.java:125)
	at org.codehaus.gant.GantBinding$_initializeGantBinding_closure4_closure8_closure9.doCall(GantBinding.groovy:152)
	at sun.reflect.GeneratedMethodAccessor61.invoke(Unknown Source)
	at sun.reflect.DelegatingMethodAccessorImpl.invoke(DelegatingMethodAccessorImpl.java:25)
	at java.lang.reflect.Method.invoke(Method.java:592)
	at org.codehaus.groovy.runtime.callsite.PogoMetaMethodSite$PogoCachedMethodSiteNoUnwrapNoCoerce.invoke(PogoMetaMethodSite.java:266)
	at org.codehaus.groovy.runtime.callsite.PogoMetaMethodSite.callCurrent(PogoMetaMethodSite.java:51)
	at org.codehaus.groovy.runtime.callsite.AbstractCallSite.callCurrent(AbstractCallSite.java:151)
	at org.codehaus.gant.GantBinding$_initializeGantBinding_closure4_closure8_closure9.doCall(GantBinding.groovy)
	at sun.reflect.GeneratedMethodAccessor60.invoke(Unknown Source)
	at sun.reflect.DelegatingMethodAccessorImpl.invoke(DelegatingMethodAccessorImpl.java:25)
	at java.lang.reflect.Method.invoke(Method.java:592)
	at org.codehaus.groovy.reflection.CachedMethod.invoke(CachedMethod.java:86)
	at groovy.lang.MetaMethod.doMethodInvoke(MetaMethod.java:234)
	at groovy.lang.MetaClassImpl.invokeMethod(MetaClassImpl.java:1049)
	at groovy.lang.ExpandoMetaClass.invokeMethod(ExpandoMetaClass.java:923)
	at groovy.lang.MetaClassImpl.invokeMethod(MetaClassImpl.java:880)
	at groovy.lang.Closure.call(Closure.java:279)
	at groovy.lang.Closure.call(Closure.java:274)
	at groovy.lang.Closure$call.call(Unknown Source)
	at org.codehaus.gant.GantBinding.withTargetEvent(GantBinding.groovy:90)
	at org.codehaus.gant.GantBinding.this$4$withTargetEvent(GantBinding.groovy)
	at sun.reflect.GeneratedMethodAccessor54.invoke(Unknown Source)
	at sun.reflect.DelegatingMethodAccessorImpl.invoke(DelegatingMethodAccessorImpl.java:25)
	at java.lang.reflect.Method.invoke(Method.java:592)
	at org.codehaus.groovy.reflection.CachedMethod.invoke(CachedMethod.java:86)
	at groovy.lang.MetaMethod.doMethodInvoke(MetaMethod.java:234)
	at groovy.lang.MetaClassImpl.invokeMethod(MetaClassImpl.java:1049)
	at groovy.lang.ExpandoMetaClass.invokeMethod(ExpandoMetaClass.java:923)
	at groovy.lang.MetaClassImpl.invokeMethod(MetaClassImpl.java:880)
	at groovy.lang.MetaClassImpl.invokeMethod(MetaClassImpl.java:997)
	at groovy.lang.ExpandoMetaClass.invokeMethod(ExpandoMetaClass.java:923)
	at groovy.lang.MetaClassImpl.invokeMethod(MetaClassImpl.java:880)
	at groovy.lang.MetaClassImpl.invokeMethod(MetaClassImpl.java:706)
	at groovy.lang.GroovyObjectSupport.invokeMethod(GroovyObjectSupport.java:44)
	at groovy.lang.MetaClassImpl.invokeMethodOnGroovyObject(MetaClassImpl.java:1114)
	at groovy.lang.MetaClassImpl.invokeMethod(MetaClassImpl.java:1011)
	at groovy.lang.ExpandoMetaClass.invokeMethod(ExpandoMetaClass.java:923)
	at groovy.lang.MetaClassImpl.invokeMethod(MetaClassImpl.java:880)
	at org.codehaus.groovy.runtime.callsite.PogoMetaClassSite.callCurrent(PogoMetaClassSite.java:66)
	at org.codehaus.groovy.runtime.callsite.AbstractCallSite.callCurrent(AbstractCallSite.java:159)
	at org.codehaus.gant.GantBinding$_initializeGantBinding_closure4_closure8.doCall(GantBinding.groovy:152)
	at sun.reflect.GeneratedMethodAccessor53.invoke(Unknown Source)
	at sun.reflect.DelegatingMethodAccessorImpl.invoke(DelegatingMethodAccessorImpl.java:25)
	at java.lang.reflect.Method.invoke(Method.java:592)
	at org.codehaus.groovy.runtime.callsite.PogoMetaMethodSite$PogoCachedMethodSiteNoUnwrapNoCoerce.invoke(PogoMetaMethodSite.java:266)
	at org.codehaus.groovy.runtime.callsite.PogoMetaMethodSite.callCurrent(PogoMetaMethodSite.java:51)
	at org.codehaus.groovy.runtime.callsite.AbstractCallSite.callCurrent(AbstractCallSite.java:151)
	at org.codehaus.gant.GantBinding$_initializeGantBinding_closure4_closure8.doCall(GantBinding.groovy)
	at sun.reflect.GeneratedMethodAccessor52.invoke(Unknown Source)
	at sun.reflect.DelegatingMethodAccessorImpl.invoke(DelegatingMethodAccessorImpl.java:25)
	at java.lang.reflect.Method.invoke(Method.java:592)
	at org.codehaus.groovy.reflection.CachedMethod.invoke(CachedMethod.java:86)
	at groovy.lang.MetaMethod.doMethodInvoke(MetaMethod.java:234)
	at groovy.lang.MetaClassImpl.invokeMethod(MetaClassImpl.java:1049)
	at groovy.lang.ExpandoMetaClass.invokeMethod(ExpandoMetaClass.java:923)
	at groovy.lang.MetaClassImpl.invokeMethod(MetaClassImpl.java:880)
	at groovy.lang.Closure.call(Closure.java:279)
	at groovy.lang.Closure.call(Closure.java:274)
	at sun.reflect.GeneratedMethodAccessor62.invoke(Unknown Source)
	at sun.reflect.DelegatingMethodAccessorImpl.invoke(DelegatingMethodAccessorImpl.java:25)
	at java.lang.reflect.Method.invoke(Method.java:592)
	at org.codehaus.groovy.reflection.CachedMethod.invoke(CachedMethod.java:86)
	at groovy.lang.MetaMethod.doMethodInvoke(MetaMethod.java:234)
	at groovy.lang.MetaClassImpl.invokeMethod(MetaClassImpl.java:1049)
	at groovy.lang.ExpandoMetaClass.invokeMethod(ExpandoMetaClass.java:923)
	at groovy.lang.MetaClassImpl.invokeMethod(MetaClassImpl.java:880)
	at groovy.lang.MetaClassImpl.invokePropertyOrMissing(MetaClassImpl.java:1095)
	at groovy.lang.MetaClassImpl.invokeMethod(MetaClassImpl.java:1051)
	at groovy.lang.ExpandoMetaClass.invokeMethod(ExpandoMetaClass.java:923)
	at groovy.lang.MetaClassImpl.invokeMethod(MetaClassImpl.java:880)
	at groovy.lang.MetaClassImpl.invokeMethod(MetaClassImpl.java:706)
	at groovy.lang.GroovyObjectSupport.invokeMethod(GroovyObjectSupport.java:44)
	at groovy.lang.Script.invokeMethod(Script.java:78)
	at groovy.lang.MetaClassImpl.invokeMethodOnGroovyObject(MetaClassImpl.java:1114)
	at groovy.lang.MetaClassImpl.invokeMethod(MetaClassImpl.java:1011)
	at groovy.lang.ExpandoMetaClass.invokeMethod(ExpandoMetaClass.java:923)
	at groovy.lang.MetaClassImpl.invokeMethod(MetaClassImpl.java:880)
	at groovy.lang.DelegatingMetaClass.invokeMethod(DelegatingMetaClass.java:149)
	at org.codehaus.gant.GantMetaClass.invokeMethod(GantMetaClass.java:127)
	at org.codehaus.gant.GantMetaClass.invokeMethod(GantMetaClass.java:162)
	at groovy.lang.GroovyObjectSupport.invokeMethod(GroovyObjectSupport.java:44)
	at groovy.lang.MetaClassImpl.invokeMethodOnGroovyObject(MetaClassImpl.java:1114)
	at groovy.lang.MetaClassImpl.invokeMethod(MetaClassImpl.java:1011)
	at groovy.lang.ExpandoMetaClass.invokeMethod(ExpandoMetaClass.java:923)
	at groovy.lang.MetaClassImpl.invokeMethod(MetaClassImpl.java:880)
	at org.codehaus.groovy.runtime.callsite.PogoMetaClassSite.callCurrent(PogoMetaClassSite.java:66)
	at org.codehaus.groovy.runtime.callsite.CallSiteArray.defaultCallCurrent(CallSiteArray.java:44)
	at org.codehaus.groovy.runtime.callsite.AbstractCallSite.callCurrent(AbstractCallSite.java:143)
	at org.codehaus.groovy.runtime.callsite.AbstractCallSite.callCurrent(AbstractCallSite.java:147)
	at _GrailsRun_groovy$_run_closure7_closure13.doCall(_GrailsRun_groovy:247)
	at sun.reflect.NativeMethodAccessorImpl.invoke0(Native Method)
	at sun.reflect.NativeMethodAccessorImpl.invoke(NativeMethodAccessorImpl.java:39)
	at sun.reflect.DelegatingMethodAccessorImpl.invoke(DelegatingMethodAccessorImpl.java:25)
	at java.lang.reflect.Method.invoke(Method.java:592)
	at org.codehaus.groovy.runtime.callsite.PogoMetaMethodSite$PogoCachedMethodSiteNoUnwrapNoCoerce.invoke(PogoMetaMethodSite.java:266)
	at org.codehaus.groovy.runtime.callsite.PogoMetaMethodSite.callCurrent(PogoMetaMethodSite.java:51)
	at org.codehaus.groovy.runtime.callsite.CallSiteArray.defaultCallCurrent(CallSiteArray.java:44)
	at org.codehaus.groovy.runtime.callsite.AbstractCallSite.callCurrent(AbstractCallSite.java:143)
	at org.codehaus.groovy.runtime.callsite.AbstractCallSite.callCurrent(AbstractCallSite.java:151)
	at _GrailsRun_groovy$_run_closure7_closure13.doCall(_GrailsRun_groovy)
	at sun.reflect.NativeMethodAccessorImpl.invoke0(Native Method)
	at sun.reflect.NativeMethodAccessorImpl.invoke(NativeMethodAccessorImpl.java:39)
	at sun.reflect.DelegatingMethodAccessorImpl.invoke(DelegatingMethodAccessorImpl.java:25)
	at java.lang.reflect.Method.invoke(Method.java:592)
	at org.codehaus.groovy.reflection.CachedMethod.invoke(CachedMethod.java:86)
	at groovy.lang.MetaMethod.doMethodInvoke(MetaMethod.java:234)
	at groovy.lang.MetaClassImpl.invokeMethod(MetaClassImpl.java:1049)
	at groovy.lang.ExpandoMetaClass.invokeMethod(ExpandoMetaClass.java:923)
	at groovy.lang.MetaClassImpl.invokeMethod(MetaClassImpl.java:880)
	at groovy.lang.Closure.call(Closure.java:279)
	at groovy.lang.Closure.call(Closure.java:274)
	at groovy.lang.Closure$call.call(Unknown Source)
	at org.codehaus.groovy.runtime.callsite.CallSiteArray.defaultCall(CallSiteArray.java:40)
	at org.codehaus.groovy.runtime.callsite.AbstractCallSite.call(AbstractCallSite.java:117)
	at org.codehaus.groovy.runtime.callsite.AbstractCallSite.call(AbstractCallSite.java:121)
	at _GrailsPackage_groovy$_run_closure8.doCall(_GrailsPackage_groovy:258)
	at sun.reflect.GeneratedMethodAccessor191.invoke(Unknown Source)
	at sun.reflect.DelegatingMethodAccessorImpl.invoke(DelegatingMethodAccessorImpl.java:25)
	at java.lang.reflect.Method.invoke(Method.java:592)
	at org.codehaus.groovy.runtime.callsite.PogoMetaMethodSite$PogoCachedMethodSiteNoUnwrapNoCoerce.invoke(PogoMetaMethodSite.java:266)
	at org.codehaus.groovy.runtime.callsite.PogoMetaMethodSite.callCurrent(PogoMetaMethodSite.java:51)
	at org.codehaus.groovy.runtime.callsite.AbstractCallSite.callCurrent(AbstractCallSite.java:155)
	at _GrailsPackage_groovy$_run_closure8.call(_GrailsPackage_groovy)
	at sun.reflect.GeneratedMethodAccessor190.invoke(Unknown Source)
	at sun.reflect.DelegatingMethodAccessorImpl.invoke(DelegatingMethodAccessorImpl.java:25)
	at java.lang.reflect.Method.invoke(Method.java:592)
	at org.codehaus.groovy.reflection.CachedMethod.invoke(CachedMethod.java:86)
	at groovy.lang.MetaMethod.doMethodInvoke(MetaMethod.java:234)
	at groovy.lang.MetaClassImpl.invokeMethod(MetaClassImpl.java:1049)
	at groovy.lang.ExpandoMetaClass.invokeMethod(ExpandoMetaClass.java:923)
	at groovy.lang.MetaClassImpl.invokeMethod(MetaClassImpl.java:880)
	at groovy.lang.MetaClassImpl.invokePropertyOrMissing(MetaClassImpl.java:1095)
	at groovy.lang.MetaClassImpl.invokeMethod(MetaClassImpl.java:1051)
	at groovy.lang.ExpandoMetaClass.invokeMethod(ExpandoMetaClass.java:923)
	at groovy.lang.MetaClassImpl.invokeMethod(MetaClassImpl.java:880)
	at groovy.lang.MetaClassImpl.invokeMethod(MetaClassImpl.java:706)
	at groovy.lang.GroovyObjectSupport.invokeMethod(GroovyObjectSupport.java:44)
	at groovy.lang.Script.invokeMethod(Script.java:78)
	at groovy.lang.MetaClassImpl.invokeMethodOnGroovyObject(MetaClassImpl.java:1114)
	at groovy.lang.MetaClassImpl.invokeMethod(MetaClassImpl.java:1011)
	at groovy.lang.ExpandoMetaClass.invokeMethod(ExpandoMetaClass.java:923)
	at groovy.lang.MetaClassImpl.invokeMethod(MetaClassImpl.java:880)
	at groovy.lang.DelegatingMetaClass.invokeMethod(DelegatingMetaClass.java:149)
	at org.codehaus.gant.GantMetaClass.invokeMethod(GantMetaClass.java:127)
	at org.codehaus.groovy.runtime.callsite.PogoMetaClassSite.callCurrent(PogoMetaClassSite.java:66)
	at org.codehaus.groovy.runtime.callsite.AbstractCallSite.callCurrent(AbstractCallSite.java:155)
	at _GrailsRun_groovy$_run_closure7.doCall(_GrailsRun_groovy:237)
	at sun.reflect.NativeMethodAccessorImpl.invoke0(Native Method)
	at sun.reflect.NativeMethodAccessorImpl.invoke(NativeMethodAccessorImpl.java:39)
	at sun.reflect.DelegatingMethodAccessorImpl.invoke(DelegatingMethodAccessorImpl.java:25)
	at java.lang.reflect.Method.invoke(Method.java:592)
	at org.codehaus.groovy.reflection.CachedMethod.invoke(CachedMethod.java:86)
	at groovy.lang.MetaMethod.doMethodInvoke(MetaMethod.java:234)
	at groovy.lang.MetaClassImpl.invokeMethod(MetaClassImpl.java:1049)
	at groovy.lang.ExpandoMetaClass.invokeMethod(ExpandoMetaClass.java:923)
	at groovy.lang.MetaClassImpl.invokeMethod(MetaClassImpl.java:880)
	at groovy.lang.DelegatingMetaClass.invokeMethod(DelegatingMetaClass.java:149)
	at org.codehaus.gant.GantMetaClass.invokeMethod(GantMetaClass.java:127)
	at groovy.lang.Closure.call(Closure.java:279)
	at groovy.lang.Closure.call(Closure.java:292)
	at sun.reflect.GeneratedMethodAccessor50.invoke(Unknown Source)
	at sun.reflect.DelegatingMethodAccessorImpl.invoke(DelegatingMethodAccessorImpl.java:25)
	at java.lang.reflect.Method.invoke(Method.java:592)
	at org.codehaus.groovy.reflection.CachedMethod.invoke(CachedMethod.java:86)
	at groovy.lang.MetaMethod.doMethodInvoke(MetaMethod.java:234)
	at groovy.lang.MetaClassImpl.invokeMethod(MetaClassImpl.java:1049)
	at groovy.lang.ExpandoMetaClass.invokeMethod(ExpandoMetaClass.java:923)
	at groovy.lang.MetaClassImpl.invokeMethod(MetaClassImpl.java:880)
	at groovy.lang.DelegatingMetaClass.invokeMethod(DelegatingMetaClass.java:149)
	at org.codehaus.gant.GantMetaClass.invokeMethod(GantMetaClass.java:127)
	at org.codehaus.groovy.runtime.callsite.PogoMetaClassSite.call(PogoMetaClassSite.java:39)
	at org.codehaus.groovy.runtime.callsite.CallSiteArray.defaultCall(CallSiteArray.java:40)
	at org.codehaus.groovy.runtime.callsite.PogoMetaClassSite.call(PogoMetaClassSite.java:54)
	at org.codehaus.groovy.runtime.callsite.AbstractCallSite.call(AbstractCallSite.java:125)
	at org.codehaus.gant.GantBinding$_initializeGantBinding_closure4_closure8_closure9.doCall(GantBinding.groovy:152)
	at sun.reflect.GeneratedMethodAccessor61.invoke(Unknown Source)
	at sun.reflect.DelegatingMethodAccessorImpl.invoke(DelegatingMethodAccessorImpl.java:25)
	at java.lang.reflect.Method.invoke(Method.java:592)
	at org.codehaus.groovy.runtime.callsite.PogoMetaMethodSite$PogoCachedMethodSiteNoUnwrapNoCoerce.invoke(PogoMetaMethodSite.java:266)
	at org.codehaus.groovy.runtime.callsite.PogoMetaMethodSite.callCurrent(PogoMetaMethodSite.java:51)
	at org.codehaus.groovy.runtime.callsite.AbstractCallSite.callCurrent(AbstractCallSite.java:151)
	at org.codehaus.gant.GantBinding$_initializeGantBinding_closure4_closure8_closure9.doCall(GantBinding.groovy)
	at sun.reflect.GeneratedMethodAccessor60.invoke(Unknown Source)
	at sun.reflect.DelegatingMethodAccessorImpl.invoke(DelegatingMethodAccessorImpl.java:25)
	at java.lang.reflect.Method.invoke(Method.java:592)
	at org.codehaus.groovy.reflection.CachedMethod.invoke(CachedMethod.java:86)
	at groovy.lang.MetaMethod.doMethodInvoke(MetaMethod.java:234)
	at groovy.lang.MetaClassImpl.invokeMethod(MetaClassImpl.java:1049)
	at groovy.lang.ExpandoMetaClass.invokeMethod(ExpandoMetaClass.java:923)
	at groovy.lang.MetaClassImpl.invokeMethod(MetaClassImpl.java:880)
	at groovy.lang.Closure.call(Closure.java:279)
	at groovy.lang.Closure.call(Closure.java:274)
	at groovy.lang.Closure$call.call(Unknown Source)
	at org.codehaus.gant.GantBinding.withTargetEvent(GantBinding.groovy:90)
	at org.codehaus.gant.GantBinding.this$4$withTargetEvent(GantBinding.groovy)
	at sun.reflect.GeneratedMethodAccessor54.invoke(Unknown Source)
	at sun.reflect.DelegatingMethodAccessorImpl.invoke(DelegatingMethodAccessorImpl.java:25)
	at java.lang.reflect.Method.invoke(Method.java:592)
	at org.codehaus.groovy.reflection.CachedMethod.invoke(CachedMethod.java:86)
	at groovy.lang.MetaMethod.doMethodInvoke(MetaMethod.java:234)
	at groovy.lang.MetaClassImpl.invokeMethod(MetaClassImpl.java:1049)
	at groovy.lang.ExpandoMetaClass.invokeMethod(ExpandoMetaClass.java:923)
	at groovy.lang.MetaClassImpl.invokeMethod(MetaClassImpl.java:880)
	at groovy.lang.MetaClassImpl.invokeMethod(MetaClassImpl.java:997)
	at groovy.lang.ExpandoMetaClass.invokeMethod(ExpandoMetaClass.java:923)
	at groovy.lang.MetaClassImpl.invokeMethod(MetaClassImpl.java:880)
	at groovy.lang.MetaClassImpl.invokeMethod(MetaClassImpl.java:706)
	at groovy.lang.GroovyObjectSupport.invokeMethod(GroovyObjectSupport.java:44)
	at groovy.lang.MetaClassImpl.invokeMethodOnGroovyObject(MetaClassImpl.java:1114)
	at groovy.lang.MetaClassImpl.invokeMethod(MetaClassImpl.java:1011)
	at groovy.lang.ExpandoMetaClass.invokeMethod(ExpandoMetaClass.java:923)
	at groovy.lang.MetaClassImpl.invokeMethod(MetaClassImpl.java:880)
	at org.codehaus.groovy.runtime.callsite.PogoMetaClassSite.callCurrent(PogoMetaClassSite.java:66)
	at org.codehaus.groovy.runtime.callsite.AbstractCallSite.callCurrent(AbstractCallSite.java:159)
	at org.codehaus.gant.GantBinding$_initializeGantBinding_closure4_closure8.doCall(GantBinding.groovy:152)
	at sun.reflect.GeneratedMethodAccessor53.invoke(Unknown Source)
	at sun.reflect.DelegatingMethodAccessorImpl.invoke(DelegatingMethodAccessorImpl.java:25)
	at java.lang.reflect.Method.invoke(Method.java:592)
	at org.codehaus.groovy.runtime.callsite.PogoMetaMethodSite$PogoCachedMethodSiteNoUnwrapNoCoerce.invoke(PogoMetaMethodSite.java:266)
	at org.codehaus.groovy.runtime.callsite.PogoMetaMethodSite.callCurrent(PogoMetaMethodSite.java:51)
	at org.codehaus.groovy.runtime.callsite.AbstractCallSite.callCurrent(AbstractCallSite.java:151)
	at org.codehaus.gant.GantBinding$_initializeGantBinding_closure4_closure8.doCall(GantBinding.groovy)
	at sun.reflect.GeneratedMethodAccessor52.invoke(Unknown Source)
	at sun.reflect.DelegatingMethodAccessorImpl.invoke(DelegatingMethodAccessorImpl.java:25)
	at java.lang.reflect.Method.invoke(Method.java:592)
	at org.codehaus.groovy.reflection.CachedMethod.invoke(CachedMethod.java:86)
	at groovy.lang.MetaMethod.doMethodInvoke(MetaMethod.java:234)
	at groovy.lang.MetaClassImpl.invokeMethod(MetaClassImpl.java:1049)
	at groovy.lang.ExpandoMetaClass.invokeMethod(ExpandoMetaClass.java:923)
	at groovy.lang.MetaClassImpl.invokeMethod(MetaClassImpl.java:880)
	at groovy.lang.Closure.call(Closure.java:279)
	at groovy.lang.Closure.call(Closure.java:274)
	at sun.reflect.GeneratedMethodAccessor62.invoke(Unknown Source)
	at sun.reflect.DelegatingMethodAccessorImpl.invoke(DelegatingMethodAccessorImpl.java:25)
	at java.lang.reflect.Method.invoke(Method.java:592)
	at org.codehaus.groovy.reflection.CachedMethod.invoke(CachedMethod.java:86)
	at groovy.lang.MetaMethod.doMethodInvoke(MetaMethod.java:234)
	at groovy.lang.MetaClassImpl.invokeMethod(MetaClassImpl.java:1049)
	at groovy.lang.ExpandoMetaClass.invokeMethod(ExpandoMetaClass.java:923)
	at groovy.lang.MetaClassImpl.invokeMethod(MetaClassImpl.java:880)
	at groovy.lang.MetaClassImpl.invokePropertyOrMissing(MetaClassImpl.java:1095)
	at groovy.lang.MetaClassImpl.invokeMethod(MetaClassImpl.java:1051)
	at groovy.lang.ExpandoMetaClass.invokeMethod(ExpandoMetaClass.java:923)
	at groovy.lang.MetaClassImpl.invokeMethod(MetaClassImpl.java:880)
	at groovy.lang.MetaClassImpl.invokeMethod(MetaClassImpl.java:706)
	at groovy.lang.GroovyObjectSupport.invokeMethod(GroovyObjectSupport.java:44)
	at groovy.lang.Script.invokeMethod(Script.java:78)
	at groovy.lang.MetaClassImpl.invokeMethodOnGroovyObject(MetaClassImpl.java:1114)
	at groovy.lang.MetaClassImpl.invokeMethod(MetaClassImpl.java:1011)
	at groovy.lang.ExpandoMetaClass.invokeMethod(ExpandoMetaClass.java:923)
	at groovy.lang.MetaClassImpl.invokeMethod(MetaClassImpl.java:880)
	at groovy.lang.DelegatingMetaClass.invokeMethod(DelegatingMetaClass.java:149)
	at org.codehaus.gant.GantMetaClass.invokeMethod(GantMetaClass.java:127)
	at org.codehaus.groovy.runtime.callsite.PogoMetaClassSite.callCurrent(PogoMetaClassSite.java:66)
	at org.codehaus.groovy.runtime.callsite.CallSiteArray.defaultCallCurrent(CallSiteArray.java:44)
	at org.codehaus.groovy.runtime.callsite.AbstractCallSite.callCurrent(AbstractCallSite.java:143)
	at org.codehaus.groovy.runtime.callsite.AbstractCallSite.callCurrent(AbstractCallSite.java:147)
	at RunApp$_run_closure1.doCall(RunApp.groovy:35)
	at sun.reflect.NativeMethodAccessorImpl.invoke0(Native Method)
	at sun.reflect.NativeMethodAccessorImpl.invoke(NativeMethodAccessorImpl.java:39)
	at sun.reflect.DelegatingMethodAccessorImpl.invoke(DelegatingMethodAccessorImpl.java:25)
	at java.lang.reflect.Method.invoke(Method.java:592)
	at org.codehaus.groovy.reflection.CachedMethod.invoke(CachedMethod.java:86)
	at groovy.lang.MetaMethod.doMethodInvoke(MetaMethod.java:234)
	at groovy.lang.MetaClassImpl.invokeMethod(MetaClassImpl.java:1049)
	at groovy.lang.ExpandoMetaClass.invokeMethod(ExpandoMetaClass.java:923)
	at groovy.lang.MetaClassImpl.invokeMethod(MetaClassImpl.java:880)
	at groovy.lang.DelegatingMetaClass.invokeMethod(DelegatingMetaClass.java:149)
	at org.codehaus.gant.GantMetaClass.invokeMethod(GantMetaClass.java:127)
	at groovy.lang.Closure.call(Closure.java:279)
	at groovy.lang.Closure.call(Closure.java:292)
	at sun.reflect.NativeMethodAccessorImpl.invoke0(Native Method)
	at sun.reflect.NativeMethodAccessorImpl.invoke(NativeMethodAccessorImpl.java:39)
	at sun.reflect.DelegatingMethodAccessorImpl.invoke(DelegatingMethodAccessorImpl.java:25)
	at java.lang.reflect.Method.invoke(Method.java:592)
	at org.codehaus.groovy.reflection.CachedMethod.invoke(CachedMethod.java:86)
	at groovy.lang.MetaMethod.doMethodInvoke(MetaMethod.java:234)
	at groovy.lang.MetaClassImpl.invokeMethod(MetaClassImpl.java:1049)
	at groovy.lang.ExpandoMetaClass.invokeMethod(ExpandoMetaClass.java:923)
	at groovy.lang.MetaClassImpl.invokeMethod(MetaClassImpl.java:880)
	at groovy.lang.DelegatingMetaClass.invokeMethod(DelegatingMetaClass.java:149)
	at org.codehaus.gant.GantMetaClass.invokeMethod(GantMetaClass.java:127)
	at org.codehaus.groovy.runtime.callsite.PogoMetaClassSite.call(PogoMetaClassSite.java:39)
	at org.codehaus.groovy.runtime.callsite.CallSiteArray.defaultCall(CallSiteArray.java:40)
	at org.codehaus.groovy.runtime.callsite.PogoMetaClassSite.call(PogoMetaClassSite.java:54)
	at org.codehaus.groovy.runtime.callsite.AbstractCallSite.call(AbstractCallSite.java:125)
	at org.codehaus.gant.GantBinding$_initializeGantBinding_closure4_closure8_closure9.doCall(GantBinding.groovy:152)
	at sun.reflect.NativeMethodAccessorImpl.invoke0(Native Method)
	at sun.reflect.NativeMethodAccessorImpl.invoke(NativeMethodAccessorImpl.java:39)
	at sun.reflect.DelegatingMethodAccessorImpl.invoke(DelegatingMethodAccessorImpl.java:25)
	at java.lang.reflect.Method.invoke(Method.java:592)
	at org.codehaus.groovy.runtime.callsite.PogoMetaMethodSite$PogoCachedMethodSiteNoUnwrapNoCoerce.invoke(PogoMetaMethodSite.java:266)
	at org.codehaus.groovy.runtime.callsite.PogoMetaMethodSite.callCurrent(PogoMetaMethodSite.java:51)
	at org.codehaus.groovy.runtime.callsite.AbstractCallSite.callCurrent(AbstractCallSite.java:151)
	at org.codehaus.gant.GantBinding$_initializeGantBinding_closure4_closure8_closure9.doCall(GantBinding.groovy)
	at sun.reflect.NativeMethodAccessorImpl.invoke0(Native Method)
	at sun.reflect.NativeMethodAccessorImpl.invoke(NativeMethodAccessorImpl.java:39)
	at sun.reflect.DelegatingMethodAccessorImpl.invoke(DelegatingMethodAccessorImpl.java:25)
	at java.lang.reflect.Method.invoke(Method.java:592)
	at org.codehaus.groovy.reflection.CachedMethod.invoke(CachedMethod.java:86)
	at groovy.lang.MetaMethod.doMethodInvoke(MetaMethod.java:234)
	at groovy.lang.MetaClassImpl.invokeMethod(MetaClassImpl.java:1049)
	at groovy.lang.ExpandoMetaClass.invokeMethod(ExpandoMetaClass.java:923)
	at groovy.lang.MetaClassImpl.invokeMethod(MetaClassImpl.java:880)
	at groovy.lang.Closure.call(Closure.java:279)
	at groovy.lang.Closure.call(Closure.java:274)
	at groovy.lang.Closure$call.call(Unknown Source)
	at org.codehaus.gant.GantBinding.withTargetEvent(GantBinding.groovy:90)
	at org.codehaus.gant.GantBinding.this$4$withTargetEvent(GantBinding.groovy)
	at sun.reflect.NativeMethodAccessorImpl.invoke0(Native Method)
	at sun.reflect.NativeMethodAccessorImpl.invoke(NativeMethodAccessorImpl.java:39)
	at sun.reflect.DelegatingMethodAccessorImpl.invoke(DelegatingMethodAccessorImpl.java:25)
	at java.lang.reflect.Method.invoke(Method.java:592)
	at org.codehaus.groovy.reflection.CachedMethod.invoke(CachedMethod.java:86)
	at groovy.lang.MetaMethod.doMethodInvoke(MetaMethod.java:234)
	at groovy.lang.MetaClassImpl.invokeMethod(MetaClassImpl.java:1049)
	at groovy.lang.ExpandoMetaClass.invokeMethod(ExpandoMetaClass.java:923)
	at groovy.lang.MetaClassImpl.invokeMethod(MetaClassImpl.java:880)
	at groovy.lang.MetaClassImpl.invokeMethod(MetaClassImpl.java:997)
	at groovy.lang.ExpandoMetaClass.invokeMethod(ExpandoMetaClass.java:923)
	at groovy.lang.MetaClassImpl.invokeMethod(MetaClassImpl.java:880)
	at groovy.lang.MetaClassImpl.invokeMethod(MetaClassImpl.java:706)
	at groovy.lang.GroovyObjectSupport.invokeMethod(GroovyObjectSupport.java:44)
	at groovy.lang.MetaClassImpl.invokeMethodOnGroovyObject(MetaClassImpl.java:1114)
	at groovy.lang.MetaClassImpl.invokeMethod(MetaClassImpl.java:1011)
	at groovy.lang.ExpandoMetaClass.invokeMethod(ExpandoMetaClass.java:923)
	at groovy.lang.MetaClassImpl.invokeMethod(MetaClassImpl.java:880)
	at org.codehaus.groovy.runtime.callsite.PogoMetaClassSite.callCurrent(PogoMetaClassSite.java:66)
	at org.codehaus.groovy.runtime.callsite.AbstractCallSite.callCurrent(AbstractCallSite.java:159)
	at org.codehaus.gant.GantBinding$_initializeGantBinding_closure4_closure8.doCall(GantBinding.groovy:152)
	at sun.reflect.NativeMethodAccessorImpl.invoke0(Native Method)
	at sun.reflect.NativeMethodAccessorImpl.invoke(NativeMethodAccessorImpl.java:39)
	at sun.reflect.DelegatingMethodAccessorImpl.invoke(DelegatingMethodAccessorImpl.java:25)
	at java.lang.reflect.Method.invoke(Method.java:592)
	at org.codehaus.groovy.runtime.callsite.PogoMetaMethodSite$PogoCachedMethodSiteNoUnwrapNoCoerce.invoke(PogoMetaMethodSite.java:266)
	at org.codehaus.groovy.runtime.callsite.PogoMetaMethodSite.callCurrent(PogoMetaMethodSite.java:51)
	at org.codehaus.groovy.runtime.callsite.AbstractCallSite.callCurrent(AbstractCallSite.java:151)
	at org.codehaus.gant.GantBinding$_initializeGantBinding_closure4_closure8.doCall(GantBinding.groovy)
	at sun.reflect.NativeMethodAccessorImpl.invoke0(Native Method)
	at sun.reflect.NativeMethodAccessorImpl.invoke(NativeMethodAccessorImpl.java:39)
	at sun.reflect.DelegatingMethodAccessorImpl.invoke(DelegatingMethodAccessorImpl.java:25)
	at java.lang.reflect.Method.invoke(Method.java:592)
	at org.codehaus.groovy.reflection.CachedMethod.invoke(CachedMethod.java:86)
	at groovy.lang.MetaMethod.doMethodInvoke(MetaMethod.java:234)
	at groovy.lang.MetaClassImpl.invokeMethod(MetaClassImpl.java:1049)
	at groovy.lang.ExpandoMetaClass.invokeMethod(ExpandoMetaClass.java:923)
	at groovy.lang.MetaClassImpl.invokeMethod(MetaClassImpl.java:880)
	at groovy.lang.Closure.call(Closure.java:279)
	at groovy.lang.Closure.call(Closure.java:274)
	at groovy.lang.Closure$call.call(Unknown Source)
	at org.codehaus.groovy.runtime.callsite.CallSiteArray.defaultCall(CallSiteArray.java:40)
	at org.codehaus.groovy.runtime.callsite.AbstractCallSite.call(AbstractCallSite.java:117)
	at org.codehaus.groovy.runtime.callsite.AbstractCallSite.call(AbstractCallSite.java:121)
	at gant.Gant$_dispatch_closure4.doCall(Gant.groovy:324)
	at sun.reflect.NativeMethodAccessorImpl.invoke0(Native Method)
	at sun.reflect.NativeMethodAccessorImpl.invoke(NativeMethodAccessorImpl.java:39)
	at sun.reflect.DelegatingMethodAccessorImpl.invoke(DelegatingMethodAccessorImpl.java:25)
	at java.lang.reflect.Method.invoke(Method.java:592)
	at org.codehaus.groovy.reflection.CachedMethod.invoke(CachedMethod.java:86)
	at groovy.lang.MetaMethod.doMethodInvoke(MetaMethod.java:234)
	at groovy.lang.MetaClassImpl.invokeMethod(MetaClassImpl.java:1049)
	at groovy.lang.ExpandoMetaClass.invokeMethod(ExpandoMetaClass.java:923)
	at groovy.lang.MetaClassImpl.invokeMethod(MetaClassImpl.java:880)
	at groovy.lang.Closure.call(Closure.java:279)
	at groovy.lang.Closure.call(Closure.java:292)
	at groovy.lang.Closure$call$0.call(Unknown Source)
	at org.codehaus.groovy.runtime.callsite.CallSiteArray.defaultCall(CallSiteArray.java:40)
	at org.codehaus.groovy.runtime.callsite.AbstractCallSite.call(AbstractCallSite.java:117)
	at org.codehaus.groovy.runtime.callsite.AbstractCallSite.call(AbstractCallSite.java:125)
	at gant.Gant$_dispatch_closure6.doCall(Gant.groovy:334)
	at sun.reflect.NativeMethodAccessorImpl.invoke0(Native Method)
	at sun.reflect.NativeMethodAccessorImpl.invoke(NativeMethodAccessorImpl.java:39)
	at sun.reflect.DelegatingMethodAccessorImpl.invoke(DelegatingMethodAccessorImpl.java:25)
	at java.lang.reflect.Method.invoke(Method.java:592)
	at org.codehaus.groovy.runtime.callsite.PogoMetaMethodSite$PogoCachedMethodSiteNoUnwrapNoCoerce.invoke(PogoMetaMethodSite.java:266)
	at org.codehaus.groovy.runtime.callsite.PogoMetaMethodSite.callCurrent(PogoMetaMethodSite.java:51)
	at org.codehaus.groovy.runtime.callsite.CallSiteArray.defaultCallCurrent(CallSiteArray.java:44)
	at org.codehaus.groovy.runtime.callsite.AbstractCallSite.callCurrent(AbstractCallSite.java:143)
	at org.codehaus.groovy.runtime.callsite.AbstractCallSite.callCurrent(AbstractCallSite.java:151)
	at gant.Gant$_dispatch_closure6.doCall(Gant.groovy)
	at sun.reflect.NativeMethodAccessorImpl.invoke0(Native Method)
	at sun.reflect.NativeMethodAccessorImpl.invoke(NativeMethodAccessorImpl.java:39)
	at sun.reflect.DelegatingMethodAccessorImpl.invoke(DelegatingMethodAccessorImpl.java:25)
	at java.lang.reflect.Method.invoke(Method.java:592)
	at org.codehaus.groovy.reflection.CachedMethod.invoke(CachedMethod.java:86)
	at groovy.lang.MetaMethod.doMethodInvoke(MetaMethod.java:234)
	at groovy.lang.MetaClassImpl.invokeMethod(MetaClassImpl.java:1049)
	at groovy.lang.ExpandoMetaClass.invokeMethod(ExpandoMetaClass.java:923)
	at groovy.lang.MetaClassImpl.invokeMethod(MetaClassImpl.java:880)
	at groovy.lang.Closure.call(Closure.java:279)
	at groovy.lang.Closure.call(Closure.java:274)
	at groovy.lang.Closure$call.call(Unknown Source)
	at org.codehaus.groovy.runtime.callsite.CallSiteArray.defaultCall(CallSiteArray.java:40)
	at org.codehaus.groovy.runtime.callsite.AbstractCallSite.call(AbstractCallSite.java:117)
	at org.codehaus.groovy.runtime.callsite.AbstractCallSite.call(AbstractCallSite.java:121)
	at gant.Gant.withBuildListeners(Gant.groovy:344)
	at gant.Gant.this$2$withBuildListeners(Gant.groovy)
	at gant.Gant$this$2$withBuildListeners.callCurrent(Unknown Source)
	at org.codehaus.groovy.runtime.callsite.CallSiteArray.defaultCallCurrent(CallSiteArray.java:44)
	at org.codehaus.groovy.runtime.callsite.AbstractCallSite.callCurrent(AbstractCallSite.java:143)
	at org.codehaus.groovy.runtime.callsite.AbstractCallSite.callCurrent(AbstractCallSite.java:151)
	at gant.Gant.dispatch(Gant.groovy:334)
	at gant.Gant.this$2$dispatch(Gant.groovy)
	at sun.reflect.NativeMethodAccessorImpl.invoke0(Native Method)
	at sun.reflect.NativeMethodAccessorImpl.invoke(NativeMethodAccessorImpl.java:39)
	at sun.reflect.DelegatingMethodAccessorImpl.invoke(DelegatingMethodAccessorImpl.java:25)
	at java.lang.reflect.Method.invoke(Method.java:592)
	at org.codehaus.groovy.reflection.CachedMethod.invoke(CachedMethod.java:86)
	at groovy.lang.MetaMethod.doMethodInvoke(MetaMethod.java:234)
	at groovy.lang.MetaClassImpl.invokeMethod(MetaClassImpl.java:1049)
	at groovy.lang.ExpandoMetaClass.invokeMethod(ExpandoMetaClass.java:923)
	at groovy.lang.MetaClassImpl.invokeMethod(MetaClassImpl.java:880)
	at groovy.lang.MetaClassImpl.invokeMethod(MetaClassImpl.java:708)
	at gant.Gant.invokeMethod(Gant.groovy)
	at groovy.lang.GroovyObject$invokeMethod.callCurrent(Unknown Source)
	at org.codehaus.groovy.runtime.callsite.CallSiteArray.defaultCallCurrent(CallSiteArray.java:44)
	at org.codehaus.groovy.runtime.callsite.AbstractCallSite.callCurrent(AbstractCallSite.java:143)
	at org.codehaus.groovy.runtime.callsite.AbstractCallSite.callCurrent(AbstractCallSite.java:155)
	at gant.Gant.processTargets(Gant.groovy:495)
	at sun.reflect.NativeMethodAccessorImpl.invoke0(Native Method)
	at sun.reflect.NativeMethodAccessorImpl.invoke(NativeMethodAccessorImpl.java:39)
	at sun.reflect.DelegatingMethodAccessorImpl.invoke(DelegatingMethodAccessorImpl.java:25)
	at java.lang.reflect.Method.invoke(Method.java:592)
	at org.codehaus.groovy.runtime.callsite.PogoMetaMethodSite$PogoCachedMethodSiteNoUnwrapNoCoerce.invoke(PogoMetaMethodSite.java:266)
	at org.codehaus.groovy.runtime.callsite.PogoMetaMethodSite.callCurrent(PogoMetaMethodSite.java:51)
	at org.codehaus.groovy.runtime.callsite.CallSiteArray.defaultCallCurrent(CallSiteArray.java:44)
	at org.codehaus.groovy.runtime.callsite.AbstractCallSite.callCurrent(AbstractCallSite.java:143)
	at org.codehaus.groovy.runtime.callsite.AbstractCallSite.callCurrent(AbstractCallSite.java:155)
	at gant.Gant.processTargets(Gant.groovy:480)
	at org.codehaus.groovy.grails.cli.GrailsScriptRunner.callPluginOrGrailsScript(GrailsScriptRunner.java:409)
	at org.codehaus.groovy.grails.cli.GrailsScriptRunner.executeCommand(GrailsScriptRunner.java:279)
	at org.codehaus.groovy.grails.cli.GrailsScriptRunner.main(GrailsScriptRunner.java:106)
	at sun.reflect.NativeMethodAccessorImpl.invoke0(Native Method)
	at sun.reflect.NativeMethodAccessorImpl.invoke(NativeMethodAccessorImpl.java:39)
	at sun.reflect.DelegatingMethodAccessorImpl.invoke(DelegatingMethodAccessorImpl.java:25)
	at java.lang.reflect.Method.invoke(Method.java:592)
	at org.codehaus.groovy.grails.cli.support.GrailsStarter.rootLoader(GrailsStarter.java:187)
	at org.codehaus.groovy.grails.cli.support.GrailsStarter.main(GrailsStarter.java:212)
Caused by: java.lang.ClassCastException: java.util.ArrayList
	at org.apache.catalina.core.StandardContext.listenerStart(StandardContext.java:3961)
	at org.apache.catalina.core.StandardContext.start(StandardContext.java:4456)
	at org.apache.catalina.core.ContainerBase.start(ContainerBase.java:1045)
	at org.apache.catalina.core.StandardHost.start(StandardHost.java:722)
	at org.apache.catalina.core.ContainerBase.start(ContainerBase.java:1045)
	at org.apache.catalina.core.StandardEngine.start(StandardEngine.java:443)
	at org.apache.catalina.core.StandardService.start(StandardService.java:515)
	at org.apache.catalina.core.StandardServer.start(StandardServer.java:708)
	at org.apache.catalina.startup.Tomcat.start(Tomcat.java:252)
	at org.grails.tomcat.TomcatServer.start(TomcatServer.groovy:107)
	at grails.web.container.EmbeddableServer$start.call(Unknown Source)
	at grails.web.container.EmbeddableServer$start.call(Unknown Source)
	at _GrailsRun_groovy$_run_closure5_closure11.doCall(_GrailsRun_groovy:157)
	at _GrailsRun_groovy$_run_closure5_closure11.doCall(_GrailsRun_groovy)
	at _GrailsSettings_groovy$_run_closure10.doCall(_GrailsSettings_groovy:274)
	at _GrailsSettings_groovy$_run_closure10.call(_GrailsSettings_groovy)
	at _GrailsRun_groovy$_run_closure5.doCall(_GrailsRun_groovy:149)
	at _GrailsRun_groovy$_run_closure5.call(_GrailsRun_groovy)
	at _GrailsRun_groovy.runInline(_GrailsRun_groovy:115)
	at _GrailsRun_groovy.this$4$runInline(_GrailsRun_groovy)
	at _GrailsRun_groovy$_run_closure1.doCall(_GrailsRun_groovy:59)
	at _GrailsRun_groovy$_run_closure7_closure13.doCall(_GrailsRun_groovy:247)
	at _GrailsRun_groovy$_run_closure7_closure13.doCall(_GrailsRun_groovy)
	at _GrailsPackage_groovy$_run_closure8.doCall(_GrailsPackage_groovy:258)
	at _GrailsPackage_groovy$_run_closure8.call(_GrailsPackage_groovy)
	at _GrailsRun_groovy$_run_closure7.doCall(_GrailsRun_groovy:237)
	at RunApp$_run_closure1.doCall(RunApp.groovy:35)
	at gant.Gant$_dispatch_closure4.doCall(Gant.groovy:324)
	at gant.Gant$_dispatch_closure6.doCall(Gant.groovy:334)
	at gant.Gant$_dispatch_closure6.doCall(Gant.groovy)
	at gant.Gant.withBuildListeners(Gant.groovy:344)
	at gant.Gant.this$2$withBuildListeners(Gant.groovy)
	at gant.Gant$this$2$withBuildListeners.callCurrent(Unknown Source)
	at gant.Gant.dispatch(Gant.groovy:334)
	at gant.Gant.this$2$dispatch(Gant.groovy)
	at gant.Gant.invokeMethod(Gant.groovy)
	at gant.Gant.processTargets(Gant.groovy:495)
	at gant.Gant.processTargets(Gant.groovy:480)
